2023-08-22 23:03:48,181 [main] INFO : Configured scenario log at logs/scenario_20230822_160347_909.log
2023-08-22 23:03:48,183 [main] INFO : Running NoSQLBench Version 5.17.3-release
2023-08-22 23:03:48,184 [main] INFO : command-line: -v vector-test-to-astra docscount=50 threads=20 auth_token=AstraCS:OTCvFjqTgAIaYWBQcCUCymau:9b047725e66c58325f34df3d88cf1b2bcafaeaaccf9fd0c38c1c86cac5770549 jsonapi_port=443
2023-08-22 23:03:48,518 [main] INFO : client-hardware: {"heap-max-GiB":"8.00","processor-name":"Apple M1 Pro","memory-GiB":"32.00","sockets":"1","logical-cores":"10","max-frequency-ghz":"0.00","physical-cores":"10","if-speeds":["0Mib","217Mib","826Mib","9Mib"]}
2023-08-22 23:03:48,634 [main] INFO : workload URI: 'file:///Users/yuqi.du/idea_workspace/storageYuqiDu/vector-test-to-astra.yaml'
2023-08-22 23:03:48,673 [main] INFO : {"layer":"CLI","start":1692745428671,"end":1692745428671,"labels":{"layer":"CLI","session":"scenario_20230822_160347_909","span":"instant","appname":"nosqlbench"},"details":{"cli":"-v\nvector-test-to-astra\ndocscount\u003d50\nthreads\u003d20\nauth_token\u003dAstraCS:OTCvFjqTgAIaYWBQcCUCymau:9b047725e66c58325f34df3d88cf1b2bcafaeaaccf9fd0c38c1c86cac5770549\njsonapi_port\u003d443"}}
2023-08-22 23:03:48,673 [main] INFO : console logging level is INFO
2023-08-22 23:03:48,680 [main] INFO : Charting disabled
2023-08-22 23:03:48,681 [scenarios:001] INFO : {"layer":"Scenario","start":1692745428681,"end":1692745428681,"labels":{"layer":"Scenario","session":"scenario_20230822_160347_909","span":"instant","appname":"nosqlbench"},"details":{"engine":"Graalvm"}}
2023-08-22 23:03:49,342 [scenarios:001] INFO : {"layer":"Activity","start":1692745429341,"end":1692745429341,"labels":{"layer":"Activity","alias":"vectortesttoastra_default_schema","session":"scenario_20230822_160347_909","span":"instant","appname":"nosqlbench"},"details":{"command":"run","params":"ActivityDef:(1)/{driver\u003dhttp, threads\u003d1, workload\u003dvector-test-to-astra, alias\u003dvectortesttoastra_default_schema, auth_token\u003dAstraCS:OTCvFjqTgAIaYWBQcCUCymau:9b047725e66c58325f34df3d88cf1b2bcafaeaaccf9fd0c38c1c86cac5770549, jsonapi_port\u003d443, tags\u003dblock:schema, docscount\u003d50}"}}
2023-08-22 23:03:49,359 [scenarios:001] INFO : workload URI: 'file:///Users/yuqi.du/idea_workspace/storageYuqiDu/vector-test-to-astra.yaml'
2023-08-22 23:03:49,383 [scenarios:001] INFO : workload URI: 'file:///Users/yuqi.du/idea_workspace/storageYuqiDu/vector-test-to-astra.yaml'
2023-08-22 23:03:49,599 [ACTIVITY:001] INFO : defaulting stride to 3 (the sequence length)
2023-08-22 23:03:49,599 [ACTIVITY:001] INFO : defaulting cycles to 3 (the stride length)
2023-08-22 23:03:49,600 [ACTIVITY:001] INFO : setting threads to 1 (direct)
2023-08-22 23:03:49,601 [ACTIVITY:001] INFO : starting activity vectortesttoastra_default_schema for cycles [0..3)=3
2023-08-22 23:03:49,602 [ACTIVITY:001] INFO : {"layer":"Activity","start":1692745429601,"end":1692745429601,"labels":{"layer":"Activity","alias":"vectortesttoastra_default_schema","driver":"http","workload":"vector-test-to-astra","session":"scenario_20230822_160347_909","span":"instant","appname":"nosqlbench"},"details":{"params":"ActivityDef:(4)/{driver\u003dhttp, threads\u003d1, workload\u003dvector-test-to-astra, alias\u003dvectortesttoastra_default_schema, cycles\u003d3, stride\u003d3, tags\u003dblock:schema}"}}
2023-08-22 23:03:49,713 [Thread-2] WARN : Scenario was interrupted by process exit, shutting down
2023-08-22 23:03:49,713 [Thread-2] INFO : scenario state: Interrupted
2023-08-22 23:03:49,714 [Thread-2] INFO : {"layer":"Scenario","start":1692745428681,"end":1692745429713,"labels":{"layer":"Scenario","state":"Interrupted","session":"scenario_20230822_160347_909","span":"interval","appname":"nosqlbench"},"details":{"command_line":"-v\nvector-test-to-astra\ndocscount\u003d50\nthreads\u003d20\nauth_token\u003dAstraCS:OTCvFjqTgAIaYWBQcCUCymau:9b047725e66c58325f34df3d88cf1b2bcafaeaaccf9fd0c38c1c86cac5770549\njsonapi_port\u003d443"}}
