2023-08-22 23:08:03,193 [main] INFO : Configured scenario log at logs/scenario_20230822_160802_972.log
2023-08-22 23:08:03,195 [main] INFO : Running NoSQLBench Version 5.17.3-release
2023-08-22 23:08:03,196 [main] INFO : command-line: -v vector-test-to-astra docscount=50 threads=20 auth_token=AstraCS:OTCvFjqTgAIaYWBQcCUCymau:9b047725e66c58325f34df3d88cf1b2bcafaeaaccf9fd0c38c1c86cac5770549 jsonapi_port=443 protocol=https path_prefix=/api/json
2023-08-22 23:08:03,740 [main] INFO : client-hardware: {"if-speeds":["0Mib","217Mib","826Mib","9Mib"],"heap-max-GiB":"8.00","processor-name":"Apple M1 Pro","memory-GiB":"32.00","sockets":"1","logical-cores":"10","max-frequency-ghz":"0.00","physical-cores":"10"}
2023-08-22 23:08:03,861 [main] INFO : workload URI: 'file:///Users/yuqi.du/idea_workspace/storageYuqiDu/vector-test-to-astra.yaml'
2023-08-22 23:08:03,899 [main] INFO : {"layer":"CLI","start":1692745683897,"end":1692745683897,"labels":{"layer":"CLI","session":"scenario_20230822_160802_972","span":"instant","appname":"nosqlbench"},"details":{"cli":"-v\nvector-test-to-astra\ndocscount\u003d50\nthreads\u003d20\nauth_token\u003dAstraCS:OTCvFjqTgAIaYWBQcCUCymau:9b047725e66c58325f34df3d88cf1b2bcafaeaaccf9fd0c38c1c86cac5770549\njsonapi_port\u003d443\nprotocol\u003dhttps\npath_prefix\u003d/api/json"}}
2023-08-22 23:08:03,900 [main] INFO : console logging level is INFO
2023-08-22 23:08:03,906 [main] INFO : Charting disabled
2023-08-22 23:08:03,907 [scenarios:001] INFO : {"layer":"Scenario","start":1692745683907,"end":1692745683907,"labels":{"layer":"Scenario","session":"scenario_20230822_160802_972","span":"instant","appname":"nosqlbench"},"details":{"engine":"Graalvm"}}
2023-08-22 23:08:04,531 [scenarios:001] INFO : {"layer":"Activity","start":1692745684529,"end":1692745684529,"labels":{"layer":"Activity","alias":"vectortesttoastra_default_schema","session":"scenario_20230822_160802_972","span":"instant","appname":"nosqlbench"},"details":{"command":"run","params":"ActivityDef:(1)/{protocol\u003dhttps, driver\u003dhttp, threads\u003d1, workload\u003dvector-test-to-astra, alias\u003dvectortesttoastra_default_schema, auth_token\u003dAstraCS:OTCvFjqTgAIaYWBQcCUCymau:9b047725e66c58325f34df3d88cf1b2bcafaeaaccf9fd0c38c1c86cac5770549, jsonapi_port\u003d443, tags\u003dblock:schema, docscount\u003d50, path_prefix\u003d/api/json}"}}
2023-08-22 23:08:04,540 [scenarios:001] INFO : workload URI: 'file:///Users/yuqi.du/idea_workspace/storageYuqiDu/vector-test-to-astra.yaml'
2023-08-22 23:08:04,557 [scenarios:001] INFO : workload URI: 'file:///Users/yuqi.du/idea_workspace/storageYuqiDu/vector-test-to-astra.yaml'
2023-08-22 23:08:04,759 [ACTIVITY:001] INFO : defaulting stride to 2 (the sequence length)
2023-08-22 23:08:04,759 [ACTIVITY:001] INFO : defaulting cycles to 2 (the stride length)
2023-08-22 23:08:04,760 [ACTIVITY:001] INFO : setting threads to 1 (direct)
2023-08-22 23:08:04,762 [ACTIVITY:001] INFO : starting activity vectortesttoastra_default_schema for cycles [0..2)=2
2023-08-22 23:08:04,762 [ACTIVITY:001] INFO : {"layer":"Activity","start":1692745684762,"end":1692745684762,"labels":{"layer":"Activity","alias":"vectortesttoastra_default_schema","driver":"http","workload":"vector-test-to-astra","session":"scenario_20230822_160802_972","span":"instant","appname":"nosqlbench"},"details":{"params":"ActivityDef:(6)/{driver\u003dhttp, threads\u003d1, workload\u003dvector-test-to-astra, alias\u003dvectortesttoastra_default_schema, cycles\u003d2, stride\u003d2, tags\u003dblock:schema}"}}
2023-08-22 23:08:05,167 [scenarios:001] INFO : {"layer":"Activity","start":1692745685166,"end":1692745685166,"labels":{"layer":"Activity","alias":"vectortesttoastra_default_write","session":"scenario_20230822_160802_972","span":"instant","appname":"nosqlbench"},"details":{"command":"run","params":"ActivityDef:(1)/{workload\u003dvector-test-to-astra, threads\u003d20, cycles\u003d50, tags\u003dname:\"write.*\", path_prefix\u003d/api/json, protocol\u003dhttps, driver\u003dhttp, alias\u003dvectortesttoastra_default_write, auth_token\u003dAstraCS:OTCvFjqTgAIaYWBQcCUCymau:9b047725e66c58325f34df3d88cf1b2bcafaeaaccf9fd0c38c1c86cac5770549, jsonapi_port\u003d443, errors\u003dtimer,warn, docscount\u003d50}"}}
2023-08-22 23:08:05,169 [scenarios:001] INFO : workload URI: 'file:///Users/yuqi.du/idea_workspace/storageYuqiDu/vector-test-to-astra.yaml'
2023-08-22 23:08:05,170 [vectortesttoastra_default_schema:001] ERROR: Error in core motor loop:java.lang.RuntimeException: java.lang.RuntimeException: io.nosqlbench.adapter.http.errors.InvalidResponseBodyException: Server returned body which failed content check with pattern '.*"ok":1.*'
java.lang.RuntimeException: java.lang.RuntimeException: io.nosqlbench.adapter.http.errors.InvalidResponseBodyException: Server returned body which failed content check with pattern '.*"ok":1.*'
	at io.nosqlbench.engine.api.activityapi.errorhandling.modular.handlers.StopErrorHandler.handleError(StopErrorHandler.java:32) ~[nb5.jar:?]
	at io.nosqlbench.engine.api.activityapi.errorhandling.modular.NBErrorHandler.handleError(NBErrorHandler.java:68) ~[nb5.jar:?]
	at io.nosqlbench.engine.api.activityimpl.uniform.actions.StandardAction.runCycle(StandardAction.java:117) ~[nb5.jar:?]
	at io.nosqlbench.engine.api.activityimpl.motor.CoreMotor.run(CoreMotor.java:393) [nb5.jar:?]
	at java.util.concurrent.ThreadPoolExecutor.runWorker(ThreadPoolExecutor.java:1136) [?:?]
	at java.util.concurrent.ThreadPoolExecutor$Worker.run(ThreadPoolExecutor.java:635) [?:?]
	at java.lang.Thread.run(Thread.java:833) [?:?]
Caused by: java.lang.RuntimeException: io.nosqlbench.adapter.http.errors.InvalidResponseBodyException: Server returned body which failed content check with pattern '.*"ok":1.*'
	at io.nosqlbench.adapter.http.core.HttpOp.run(HttpOp.java:84) ~[nb5.jar:?]
	at io.nosqlbench.engine.api.activityimpl.uniform.actions.StandardAction.runCycle(StandardAction.java:98) ~[nb5.jar:?]
	... 4 more
Caused by: io.nosqlbench.adapter.http.errors.InvalidResponseBodyException: Server returned body which failed content check with pattern '.*"ok":1.*'
	at io.nosqlbench.adapter.http.core.HttpOp.run(HttpOp.java:66) ~[nb5.jar:?]
	at io.nosqlbench.engine.api.activityimpl.uniform.actions.StandardAction.runCycle(StandardAction.java:98) ~[nb5.jar:?]
	... 4 more
2023-08-22 23:08:05,174 [vectortesttoastra_default_schema:001] ERROR: Uncaught exception in thread 'vectortesttoastra_default_schema:001, state[RUNNABLE], notifying executor 'ActivityExecutor~vectortesttoastra_default_schema': java.lang.RuntimeException: java.lang.RuntimeException: io.nosqlbench.adapter.http.errors.InvalidResponseBodyException: Server returned body which failed content check with pattern '.*"ok":1.*'
2023-08-22 23:08:05,174 [scenarios:001] INFO : workload URI: 'file:///Users/yuqi.du/idea_workspace/storageYuqiDu/vector-test-to-astra.yaml'
2023-08-22 23:08:05,175 [vectortesttoastra_default_schema:001] INFO : stopping activity vectortesttoastra_default_schema:Errored:⌀(0) ⏫(0) ⏵(0) ⏬(0) ⏹(0) ⏯(0) ⚠(1)
2023-08-22 23:08:05,175 [vectortesttoastra_default_schema:001] WARN : attempted to stop motor 0: from non Running state:Errored
2023-08-22 23:08:05,225 [ACTIVITY:001] INFO : defaulting stride to 5 (the sequence length)
2023-08-22 23:08:05,225 [ACTIVITY:001] INFO : setting threads to 20 (direct)
2023-08-22 23:08:05,225 [ACTIVITY:001] INFO : starting activity vectortesttoastra_default_write for cycles [0..50)=50
2023-08-22 23:08:05,225 [ACTIVITY:001] INFO : {"layer":"Activity","start":1692745685225,"end":1692745685225,"labels":{"layer":"Activity","alias":"vectortesttoastra_default_write","driver":"http","workload":"vector-test-to-astra","session":"scenario_20230822_160802_972","span":"instant","appname":"nosqlbench"},"details":{"params":"ActivityDef:(6)/{workload\u003dvector-test-to-astra, threads\u003d20, cycles\u003d50, stride\u003d5, tags\u003dname:\"write.*\", driver\u003dhttp, alias\u003dvectortesttoastra_default_write, errors\u003dtimer,warn}"}}
2023-08-22 23:08:05,422 [vectortesttoastra_default_write:001] WARN : error with cycle 0 errmsg: io.nosqlbench.adapter.http.errors.InvalidResponseBodyException: Server returned body which failed content check with pattern '.*\"insertedIds\":\[.*\].*'
2023-08-22 23:08:05,422 [vectortesttoastra_default_write:014] WARN : error with cycle 45 errmsg: io.nosqlbench.adapter.http.errors.InvalidResponseBodyException: Server returned body which failed content check with pattern '.*\"insertedIds\":\[.*\].*'
2023-08-22 23:08:05,422 [vectortesttoastra_default_write:005] WARN : error with cycle 35 errmsg: io.nosqlbench.adapter.http.errors.InvalidResponseBodyException: Server returned body which failed content check with pattern '.*\"insertedIds\":\[.*\].*'
2023-08-22 23:08:05,423 [vectortesttoastra_default_write:017] WARN : error with cycle 30 errmsg: io.nosqlbench.adapter.http.errors.InvalidResponseBodyException: Server returned body which failed content check with pattern '.*\"insertedIds\":\[.*\].*'
2023-08-22 23:08:05,423 [vectortesttoastra_default_write:016] WARN : error with cycle 40 errmsg: io.nosqlbench.adapter.http.errors.InvalidResponseBodyException: Server returned body which failed content check with pattern '.*\"insertedIds\":\[.*\].*'
2023-08-22 23:08:05,429 [vectortesttoastra_default_write:003] WARN : error with cycle 5 errmsg: io.nosqlbench.adapter.http.errors.InvalidResponseBodyException: Server returned body which failed content check with pattern '.*\"insertedIds\":\[.*\].*'
2023-08-22 23:08:05,432 [vectortesttoastra_default_write:002] WARN : error with cycle 10 errmsg: io.nosqlbench.adapter.http.errors.InvalidResponseBodyException: Server returned body which failed content check with pattern '.*\"insertedIds\":\[.*\].*'
2023-08-22 23:08:05,597 [vectortesttoastra_default_write:001] WARN : error with cycle 1 errmsg: io.nosqlbench.adapter.http.errors.InvalidResponseBodyException: Server returned body which failed content check with pattern '.*\"insertedIds\":\[.*\].*'
2023-08-22 23:08:05,624 [vectortesttoastra_default_write:003] WARN : error with cycle 6 errmsg: io.nosqlbench.adapter.http.errors.InvalidResponseBodyException: Server returned body which failed content check with pattern '.*\"insertedIds\":\[.*\].*'
2023-08-22 23:08:05,632 [vectortesttoastra_default_write:001] WARN : error with cycle 2 errmsg: io.nosqlbench.adapter.http.errors.InvalidResponseBodyException: Server returned body which failed content check with pattern '.*\"insertedIds\":\[.*\].*'
2023-08-22 23:08:05,744 [vectortesttoastra_default_write:005] WARN : error with cycle 36 errmsg: io.nosqlbench.adapter.http.errors.InvalidResponseBodyException: Server returned body which failed content check with pattern '.*\"insertedIds\":\[.*\].*'
2023-08-22 23:08:05,744 [vectortesttoastra_default_write:004] WARN : error with cycle 20 errmsg: io.nosqlbench.adapter.http.errors.InvalidResponseBodyException: Server returned body which failed content check with pattern '.*\"insertedIds\":\[.*\].*'
2023-08-22 23:08:05,744 [vectortesttoastra_default_write:020] WARN : error with cycle 15 errmsg: io.nosqlbench.adapter.http.errors.InvalidResponseBodyException: Server returned body which failed content check with pattern '.*\"insertedIds\":\[.*\].*'
2023-08-22 23:08:05,744 [vectortesttoastra_default_write:018] WARN : error with cycle 25 errmsg: io.nosqlbench.adapter.http.errors.InvalidResponseBodyException: Server returned body which failed content check with pattern '.*\"insertedIds\":\[.*\].*'
2023-08-22 23:08:05,746 [vectortesttoastra_default_write:017] WARN : error with cycle 31 errmsg: io.nosqlbench.adapter.http.errors.InvalidResponseBodyException: Server returned body which failed content check with pattern '.*\"insertedIds\":\[.*\].*'
2023-08-22 23:08:05,746 [vectortesttoastra_default_write:014] WARN : error with cycle 46 errmsg: io.nosqlbench.adapter.http.errors.InvalidResponseBodyException: Server returned body which failed content check with pattern '.*\"insertedIds\":\[.*\].*'
2023-08-22 23:08:05,748 [vectortesttoastra_default_write:002] WARN : error with cycle 11 errmsg: io.nosqlbench.adapter.http.errors.InvalidResponseBodyException: Server returned body which failed content check with pattern '.*\"insertedIds\":\[.*\].*'
2023-08-22 23:08:05,748 [vectortesttoastra_default_write:016] WARN : error with cycle 41 errmsg: io.nosqlbench.adapter.http.errors.InvalidResponseBodyException: Server returned body which failed content check with pattern '.*\"insertedIds\":\[.*\].*'
2023-08-22 23:08:05,780 [vectortesttoastra_default_write:001] WARN : error with cycle 3 errmsg: io.nosqlbench.adapter.http.errors.InvalidResponseBodyException: Server returned body which failed content check with pattern '.*\"insertedIds\":\[.*\].*'
2023-08-22 23:08:05,780 [vectortesttoastra_default_write:003] WARN : error with cycle 7 errmsg: io.nosqlbench.adapter.http.errors.InvalidResponseBodyException: Server returned body which failed content check with pattern '.*\"insertedIds\":\[.*\].*'
2023-08-22 23:08:05,815 [vectortesttoastra_default_write:014] WARN : error with cycle 47 errmsg: io.nosqlbench.adapter.http.errors.InvalidResponseBodyException: Server returned body which failed content check with pattern '.*\"insertedIds\":\[.*\].*'
2023-08-22 23:08:05,815 [vectortesttoastra_default_write:004] WARN : error with cycle 21 errmsg: io.nosqlbench.adapter.http.errors.InvalidResponseBodyException: Server returned body which failed content check with pattern '.*\"insertedIds\":\[.*\].*'
2023-08-22 23:08:05,832 [vectortesttoastra_default_write:001] WARN : error with cycle 4 errmsg: io.nosqlbench.adapter.http.errors.InvalidResponseBodyException: Server returned body which failed content check with pattern '.*\"insertedIds\":\[.*\].*'
2023-08-22 23:08:05,836 [vectortesttoastra_default_write:016] WARN : error with cycle 42 errmsg: io.nosqlbench.adapter.http.errors.InvalidResponseBodyException: Server returned body which failed content check with pattern '.*\"insertedIds\":\[.*\].*'
2023-08-22 23:08:05,837 [vectortesttoastra_default_write:020] WARN : error with cycle 16 errmsg: io.nosqlbench.adapter.http.errors.InvalidResponseBodyException: Server returned body which failed content check with pattern '.*\"insertedIds\":\[.*\].*'
2023-08-22 23:08:05,865 [vectortesttoastra_default_write:017] WARN : error with cycle 32 errmsg: io.nosqlbench.adapter.http.errors.InvalidResponseBodyException: Server returned body which failed content check with pattern '.*\"insertedIds\":\[.*\].*'
2023-08-22 23:08:05,865 [vectortesttoastra_default_write:014] WARN : error with cycle 48 errmsg: io.nosqlbench.adapter.http.errors.InvalidResponseBodyException: Server returned body which failed content check with pattern '.*\"insertedIds\":\[.*\].*'
2023-08-22 23:08:05,882 [vectortesttoastra_default_write:003] WARN : error with cycle 8 errmsg: io.nosqlbench.adapter.http.errors.InvalidResponseBodyException: Server returned body which failed content check with pattern '.*\"insertedIds\":\[.*\].*'
2023-08-22 23:08:05,986 [vectortesttoastra_default_write:020] WARN : error with cycle 17 errmsg: io.nosqlbench.adapter.http.errors.InvalidResponseBodyException: Server returned body which failed content check with pattern '.*\"insertedIds\":\[.*\].*'
2023-08-22 23:08:05,986 [vectortesttoastra_default_write:016] WARN : error with cycle 43 errmsg: io.nosqlbench.adapter.http.errors.InvalidResponseBodyException: Server returned body which failed content check with pattern '.*\"insertedIds\":\[.*\].*'
2023-08-22 23:08:05,986 [vectortesttoastra_default_write:004] WARN : error with cycle 22 errmsg: io.nosqlbench.adapter.http.errors.InvalidResponseBodyException: Server returned body which failed content check with pattern '.*\"insertedIds\":\[.*\].*'
2023-08-22 23:08:05,986 [vectortesttoastra_default_write:017] WARN : error with cycle 33 errmsg: io.nosqlbench.adapter.http.errors.InvalidResponseBodyException: Server returned body which failed content check with pattern '.*\"insertedIds\":\[.*\].*'
2023-08-22 23:08:06,014 [vectortesttoastra_default_write:005] WARN : error with cycle 37 errmsg: io.nosqlbench.adapter.http.errors.InvalidResponseBodyException: Server returned body which failed content check with pattern '.*\"insertedIds\":\[.*\].*'
2023-08-22 23:08:06,016 [vectortesttoastra_default_write:018] WARN : error with cycle 26 errmsg: io.nosqlbench.adapter.http.errors.InvalidResponseBodyException: Server returned body which failed content check with pattern '.*\"insertedIds\":\[.*\].*'
2023-08-22 23:08:06,017 [vectortesttoastra_default_write:002] WARN : error with cycle 12 errmsg: io.nosqlbench.adapter.http.errors.InvalidResponseBodyException: Server returned body which failed content check with pattern '.*\"insertedIds\":\[.*\].*'
2023-08-22 23:08:06,017 [vectortesttoastra_default_write:003] WARN : error with cycle 9 errmsg: io.nosqlbench.adapter.http.errors.InvalidResponseBodyException: Server returned body which failed content check with pattern '.*\"insertedIds\":\[.*\].*'
2023-08-22 23:08:06,021 [vectortesttoastra_default_write:014] WARN : error with cycle 49 errmsg: io.nosqlbench.adapter.http.errors.InvalidResponseBodyException: Server returned body which failed content check with pattern '.*\"insertedIds\":\[.*\].*'
2023-08-22 23:08:06,061 [vectortesttoastra_default_write:005] WARN : error with cycle 38 errmsg: io.nosqlbench.adapter.http.errors.InvalidResponseBodyException: Server returned body which failed content check with pattern '.*\"insertedIds\":\[.*\].*'
2023-08-22 23:08:06,061 [vectortesttoastra_default_write:004] WARN : error with cycle 23 errmsg: io.nosqlbench.adapter.http.errors.InvalidResponseBodyException: Server returned body which failed content check with pattern '.*\"insertedIds\":\[.*\].*'
2023-08-22 23:08:06,093 [vectortesttoastra_default_write:002] WARN : error with cycle 13 errmsg: io.nosqlbench.adapter.http.errors.InvalidResponseBodyException: Server returned body which failed content check with pattern '.*\"insertedIds\":\[.*\].*'
2023-08-22 23:08:06,097 [vectortesttoastra_default_write:018] WARN : error with cycle 27 errmsg: io.nosqlbench.adapter.http.errors.InvalidResponseBodyException: Server returned body which failed content check with pattern '.*\"insertedIds\":\[.*\].*'
2023-08-22 23:08:06,125 [vectortesttoastra_default_write:005] WARN : error with cycle 39 errmsg: io.nosqlbench.adapter.http.errors.InvalidResponseBodyException: Server returned body which failed content check with pattern '.*\"insertedIds\":\[.*\].*'
2023-08-22 23:08:06,178 [vectortesttoastra_default_write:018] WARN : error with cycle 28 errmsg: io.nosqlbench.adapter.http.errors.InvalidResponseBodyException: Server returned body which failed content check with pattern '.*\"insertedIds\":\[.*\].*'
2023-08-22 23:08:06,178 [vectortesttoastra_default_write:016] WARN : error with cycle 44 errmsg: io.nosqlbench.adapter.http.errors.InvalidResponseBodyException: Server returned body which failed content check with pattern '.*\"insertedIds\":\[.*\].*'
2023-08-22 23:08:06,178 [vectortesttoastra_default_write:020] WARN : error with cycle 18 errmsg: io.nosqlbench.adapter.http.errors.InvalidResponseBodyException: Server returned body which failed content check with pattern '.*\"insertedIds\":\[.*\].*'
2023-08-22 23:08:06,178 [vectortesttoastra_default_write:002] WARN : error with cycle 14 errmsg: io.nosqlbench.adapter.http.errors.InvalidResponseBodyException: Server returned body which failed content check with pattern '.*\"insertedIds\":\[.*\].*'
2023-08-22 23:08:06,178 [vectortesttoastra_default_write:017] WARN : error with cycle 34 errmsg: io.nosqlbench.adapter.http.errors.InvalidResponseBodyException: Server returned body which failed content check with pattern '.*\"insertedIds\":\[.*\].*'
2023-08-22 23:08:06,214 [vectortesttoastra_default_write:020] WARN : error with cycle 19 errmsg: io.nosqlbench.adapter.http.errors.InvalidResponseBodyException: Server returned body which failed content check with pattern '.*\"insertedIds\":\[.*\].*'
2023-08-22 23:08:06,240 [vectortesttoastra_default_write:018] WARN : error with cycle 29 errmsg: io.nosqlbench.adapter.http.errors.InvalidResponseBodyException: Server returned body which failed content check with pattern '.*\"insertedIds\":\[.*\].*'
2023-08-22 23:08:06,281 [vectortesttoastra_default_write:004] WARN : error with cycle 24 errmsg: io.nosqlbench.adapter.http.errors.InvalidResponseBodyException: Server returned body which failed content check with pattern '.*\"insertedIds\":\[.*\].*'
2023-08-22 23:08:06,283 [scenarios:001] INFO : Scenario completed successfully, with 2 logical activities.
2023-08-22 23:08:06,283 [scenarios:001] INFO : scenario state: Finished
2023-08-22 23:08:06,284 [scenarios:001] INFO : {"layer":"Scenario","start":1692745683907,"end":1692745686283,"labels":{"layer":"Scenario","state":"Finished","session":"scenario_20230822_160802_972","span":"interval","appname":"nosqlbench"},"details":{"command_line":"-v\nvector-test-to-astra\ndocscount\u003d50\nthreads\u003d20\nauth_token\u003dAstraCS:OTCvFjqTgAIaYWBQcCUCymau:9b047725e66c58325f34df3d88cf1b2bcafaeaaccf9fd0c38c1c86cac5770549\njsonapi_port\u003d443\nprotocol\u003dhttps\npath_prefix\u003d/api/json"}}
2023-08-22 23:08:07,035 [main] INFO : results for scenario: name:'scenario_20230822_160802_972'
2023-08-22 23:08:07,035 [main] INFO : -- SCENARIO TOOK 2.376S --
2023-08-22 23:08:07,036 [main] INFO : executions: 1 scenarios, 0 normal, 1 errored
2023-08-22 23:08:07,036 [main] WARN : executions: 1 scenarios, 0 normal, 1 errored
2023-08-22 23:08:07,038 [main] ERROR: internal error: Error while waiting for activity completion:null
java.lang.RuntimeException: Error while waiting for activity completion:null
	at io.nosqlbench.engine.core.lifecycle.activity.ActivityExecutor.awaitActivityCompletion(ActivityExecutor.java:481) ~[nb5.jar:?]
	at io.nosqlbench.engine.core.lifecycle.activity.ActivityExecutor.call(ActivityExecutor.java:404) ~[nb5.jar:?]
	at io.nosqlbench.engine.core.lifecycle.activity.ActivityExecutor.call(ActivityExecutor.java:53) ~[nb5.jar:?]
	at java.util.concurrent.FutureTask.run(FutureTask.java:264) ~[?:?]
	at java.util.concurrent.ThreadPoolExecutor.runWorker(ThreadPoolExecutor.java:1136) ~[?:?]
	at java.util.concurrent.ThreadPoolExecutor$Worker.run(ThreadPoolExecutor.java:635) ~[?:?]
	at java.lang.Thread.run(Thread.java:833) ~[?:?]
