2023-08-22 23:09:48,890 [main] INFO : Configured scenario log at logs/scenario_20230822_160948_639.log
2023-08-22 23:09:48,892 [main] INFO : Running NoSQLBench Version 5.17.3-release
2023-08-22 23:09:48,892 [main] INFO : command-line: -v vector-test-to-astra docscount=50 threads=20 auth_token=AstraCS:OTCvFjqTgAIaYWBQcCUCymau:9b047725e66c58325f34df3d88cf1b2bcafaeaaccf9fd0c38c1c86cac5770549 jsonapi_port=443 protocol=https path_prefix=/api/json namespace=fallout
2023-08-22 23:09:49,147 [main] INFO : client-hardware: {"memory-GiB":"32.00","processor-name":"Apple M1 Pro","heap-max-GiB":"8.00","if-speeds":["0Mib","826Mib","9Mib","261Mib"],"physical-cores":"10","max-frequency-ghz":"0.00","logical-cores":"10","sockets":"1"}
2023-08-22 23:09:49,253 [main] INFO : workload URI: 'file:///Users/yuqi.du/idea_workspace/storageYuqiDu/vector-test-to-astra.yaml'
2023-08-22 23:09:49,285 [main] INFO : {"layer":"CLI","start":1692745789284,"end":1692745789284,"labels":{"layer":"CLI","session":"scenario_20230822_160948_639","span":"instant","appname":"nosqlbench"},"details":{"cli":"-v\nvector-test-to-astra\ndocscount\u003d50\nthreads\u003d20\nauth_token\u003dAstraCS:OTCvFjqTgAIaYWBQcCUCymau:9b047725e66c58325f34df3d88cf1b2bcafaeaaccf9fd0c38c1c86cac5770549\njsonapi_port\u003d443\nprotocol\u003dhttps\npath_prefix\u003d/api/json\nnamespace\u003dfallout"}}
2023-08-22 23:09:49,286 [main] INFO : console logging level is INFO
2023-08-22 23:09:49,291 [main] INFO : Charting disabled
2023-08-22 23:09:49,292 [scenarios:001] INFO : {"layer":"Scenario","start":1692745789291,"end":1692745789291,"labels":{"layer":"Scenario","session":"scenario_20230822_160948_639","span":"instant","appname":"nosqlbench"},"details":{"engine":"Graalvm"}}
2023-08-22 23:09:49,815 [scenarios:001] INFO : {"layer":"Activity","start":1692745789814,"end":1692745789814,"labels":{"layer":"Activity","alias":"vectortesttoastra_default_schema","session":"scenario_20230822_160948_639","span":"instant","appname":"nosqlbench"},"details":{"command":"run","params":"ActivityDef:(1)/{protocol\u003dhttps, driver\u003dhttp, namespace\u003dfallout, threads\u003d1, workload\u003dvector-test-to-astra, alias\u003dvectortesttoastra_default_schema, auth_token\u003dAstraCS:OTCvFjqTgAIaYWBQcCUCymau:9b047725e66c58325f34df3d88cf1b2bcafaeaaccf9fd0c38c1c86cac5770549, jsonapi_port\u003d443, tags\u003dblock:schema, docscount\u003d50, path_prefix\u003d/api/json}"}}
2023-08-22 23:09:49,825 [scenarios:001] INFO : workload URI: 'file:///Users/yuqi.du/idea_workspace/storageYuqiDu/vector-test-to-astra.yaml'
2023-08-22 23:09:49,836 [scenarios:001] INFO : workload URI: 'file:///Users/yuqi.du/idea_workspace/storageYuqiDu/vector-test-to-astra.yaml'
2023-08-22 23:09:50,016 [ACTIVITY:001] INFO : defaulting stride to 2 (the sequence length)
2023-08-22 23:09:50,016 [ACTIVITY:001] INFO : defaulting cycles to 2 (the stride length)
2023-08-22 23:09:50,016 [ACTIVITY:001] INFO : setting threads to 1 (direct)
2023-08-22 23:09:50,019 [ACTIVITY:001] INFO : starting activity vectortesttoastra_default_schema for cycles [0..2)=2
2023-08-22 23:09:50,019 [ACTIVITY:001] INFO : {"layer":"Activity","start":1692745790019,"end":1692745790019,"labels":{"layer":"Activity","alias":"vectortesttoastra_default_schema","driver":"http","workload":"vector-test-to-astra","session":"scenario_20230822_160948_639","span":"instant","appname":"nosqlbench"},"details":{"params":"ActivityDef:(7)/{driver\u003dhttp, threads\u003d1, workload\u003dvector-test-to-astra, alias\u003dvectortesttoastra_default_schema, cycles\u003d2, stride\u003d2, tags\u003dblock:schema}"}}
2023-08-22 23:09:52,896 [scenarios:001] INFO : Scenario completed successfully, with 1 logical activities.
2023-08-22 23:09:52,896 [scenarios:001] INFO : scenario state: Finished
2023-08-22 23:09:52,896 [scenarios:001] INFO : {"layer":"Scenario","start":1692745789291,"end":1692745792896,"labels":{"layer":"Scenario","state":"Finished","session":"scenario_20230822_160948_639","span":"interval","appname":"nosqlbench"},"details":{"command_line":"-v\nvector-test-to-astra\ndocscount\u003d50\nthreads\u003d20\nauth_token\u003dAstraCS:OTCvFjqTgAIaYWBQcCUCymau:9b047725e66c58325f34df3d88cf1b2bcafaeaaccf9fd0c38c1c86cac5770549\njsonapi_port\u003d443\nprotocol\u003dhttps\npath_prefix\u003d/api/json\nnamespace\u003dfallout"}}
2023-08-22 23:09:53,284 [main] INFO : results for scenario: name:'scenario_20230822_160948_639'
2023-08-22 23:09:53,284 [main] INFO : -- SCENARIO TOOK 3.605S --
2023-08-22 23:09:53,285 [main] INFO : executions: 1 scenarios, 1 normal, 0 errored
2023-08-22 23:09:53,286 [main] INFO : executions: 1 scenarios, 1 normal, 0 errored
