2023-08-22 23:10:18,032 [main] INFO : Configured scenario log at logs/scenario_20230822_161017_911.log
2023-08-22 23:10:18,034 [main] INFO : Running NoSQLBench Version 5.17.3-release
2023-08-22 23:10:18,034 [main] INFO : command-line: -v vector-test-to-astra docscount=50 threads=20 auth_token=AstraCS:OTCvFjqTgAIaYWBQcCUCymau:9b047725e66c58325f34df3d88cf1b2bcafaeaaccf9fd0c38c1c86cac5770549 jsonapi_port=443 protocol=https path_prefix=/api/json namespace=fallout
2023-08-22 23:10:18,229 [main] INFO : client-hardware: {"if-speeds":["0Mib","826Mib","9Mib","261Mib"],"physical-cores":"10","max-frequency-ghz":"0.00","logical-cores":"10","sockets":"1","memory-GiB":"32.00","processor-name":"Apple M1 Pro","heap-max-GiB":"8.00"}
2023-08-22 23:10:18,337 [main] INFO : workload URI: 'file:///Users/yuqi.du/idea_workspace/storageYuqiDu/vector-test-to-astra.yaml'
2023-08-22 23:10:18,372 [main] INFO : {"layer":"CLI","start":1692745818370,"end":1692745818370,"labels":{"layer":"CLI","session":"scenario_20230822_161017_911","span":"instant","appname":"nosqlbench"},"details":{"cli":"-v\nvector-test-to-astra\ndocscount\u003d50\nthreads\u003d20\nauth_token\u003dAstraCS:OTCvFjqTgAIaYWBQcCUCymau:9b047725e66c58325f34df3d88cf1b2bcafaeaaccf9fd0c38c1c86cac5770549\njsonapi_port\u003d443\nprotocol\u003dhttps\npath_prefix\u003d/api/json\nnamespace\u003dfallout"}}
2023-08-22 23:10:18,373 [main] INFO : console logging level is INFO
2023-08-22 23:10:18,377 [main] INFO : Charting disabled
2023-08-22 23:10:18,378 [scenarios:001] INFO : {"layer":"Scenario","start":1692745818377,"end":1692745818377,"labels":{"layer":"Scenario","session":"scenario_20230822_161017_911","span":"instant","appname":"nosqlbench"},"details":{"engine":"Graalvm"}}
2023-08-22 23:10:18,937 [scenarios:001] INFO : {"layer":"Activity","start":1692745818935,"end":1692745818935,"labels":{"layer":"Activity","alias":"vectortesttoastra_default_schema","session":"scenario_20230822_161017_911","span":"instant","appname":"nosqlbench"},"details":{"command":"run","params":"ActivityDef:(1)/{protocol\u003dhttps, driver\u003dhttp, namespace\u003dfallout, threads\u003d1, workload\u003dvector-test-to-astra, alias\u003dvectortesttoastra_default_schema, auth_token\u003dAstraCS:OTCvFjqTgAIaYWBQcCUCymau:9b047725e66c58325f34df3d88cf1b2bcafaeaaccf9fd0c38c1c86cac5770549, jsonapi_port\u003d443, tags\u003dblock:schema, docscount\u003d50, path_prefix\u003d/api/json}"}}
2023-08-22 23:10:18,946 [scenarios:001] INFO : workload URI: 'file:///Users/yuqi.du/idea_workspace/storageYuqiDu/vector-test-to-astra.yaml'
2023-08-22 23:10:18,959 [scenarios:001] INFO : workload URI: 'file:///Users/yuqi.du/idea_workspace/storageYuqiDu/vector-test-to-astra.yaml'
2023-08-22 23:10:19,159 [ACTIVITY:001] INFO : defaulting stride to 2 (the sequence length)
2023-08-22 23:10:19,160 [ACTIVITY:001] INFO : defaulting cycles to 2 (the stride length)
2023-08-22 23:10:19,160 [ACTIVITY:001] INFO : setting threads to 1 (direct)
2023-08-22 23:10:19,162 [ACTIVITY:001] INFO : starting activity vectortesttoastra_default_schema for cycles [0..2)=2
2023-08-22 23:10:19,162 [ACTIVITY:001] INFO : {"layer":"Activity","start":1692745819162,"end":1692745819162,"labels":{"layer":"Activity","alias":"vectortesttoastra_default_schema","driver":"http","workload":"vector-test-to-astra","session":"scenario_20230822_161017_911","span":"instant","appname":"nosqlbench"},"details":{"params":"ActivityDef:(7)/{driver\u003dhttp, threads\u003d1, workload\u003dvector-test-to-astra, alias\u003dvectortesttoastra_default_schema, cycles\u003d2, stride\u003d2, tags\u003dblock:schema}"}}
2023-08-22 23:10:22,093 [scenarios:001] INFO : {"layer":"Activity","start":1692745822092,"end":1692745822092,"labels":{"layer":"Activity","alias":"vectortesttoastra_default_write","session":"scenario_20230822_161017_911","span":"instant","appname":"nosqlbench"},"details":{"command":"run","params":"ActivityDef:(1)/{threads\u003d20, workload\u003dvector-test-to-astra, cycles\u003d50, tags\u003dname:\"write.*\", path_prefix\u003d/api/json, protocol\u003dhttps, driver\u003dhttp, namespace\u003dfallout, alias\u003dvectortesttoastra_default_write, auth_token\u003dAstraCS:OTCvFjqTgAIaYWBQcCUCymau:9b047725e66c58325f34df3d88cf1b2bcafaeaaccf9fd0c38c1c86cac5770549, jsonapi_port\u003d443, errors\u003dtimer,warn, docscount\u003d50}"}}
2023-08-22 23:10:22,096 [scenarios:001] INFO : workload URI: 'file:///Users/yuqi.du/idea_workspace/storageYuqiDu/vector-test-to-astra.yaml'
2023-08-22 23:10:22,101 [scenarios:001] INFO : workload URI: 'file:///Users/yuqi.du/idea_workspace/storageYuqiDu/vector-test-to-astra.yaml'
2023-08-22 23:10:22,151 [ACTIVITY:001] INFO : defaulting stride to 5 (the sequence length)
2023-08-22 23:10:22,161 [ACTIVITY:001] INFO : setting threads to 20 (direct)
2023-08-22 23:10:22,161 [ACTIVITY:001] INFO : starting activity vectortesttoastra_default_write for cycles [0..50)=50
2023-08-22 23:10:22,161 [ACTIVITY:001] INFO : {"layer":"Activity","start":1692745822161,"end":1692745822161,"labels":{"layer":"Activity","alias":"vectortesttoastra_default_write","driver":"http","workload":"vector-test-to-astra","session":"scenario_20230822_161017_911","span":"instant","appname":"nosqlbench"},"details":{"params":"ActivityDef:(7)/{threads\u003d20, workload\u003dvector-test-to-astra, cycles\u003d50, stride\u003d5, tags\u003dname:\"write.*\", driver\u003dhttp, alias\u003dvectortesttoastra_default_write, errors\u003dtimer,warn}"}}
2023-08-22 23:10:23,243 [scenarios:001] INFO : Scenario completed successfully, with 2 logical activities.
2023-08-22 23:10:23,243 [scenarios:001] INFO : scenario state: Finished
2023-08-22 23:10:23,243 [scenarios:001] INFO : {"layer":"Scenario","start":1692745818377,"end":1692745823243,"labels":{"layer":"Scenario","state":"Finished","session":"scenario_20230822_161017_911","span":"interval","appname":"nosqlbench"},"details":{"command_line":"-v\nvector-test-to-astra\ndocscount\u003d50\nthreads\u003d20\nauth_token\u003dAstraCS:OTCvFjqTgAIaYWBQcCUCymau:9b047725e66c58325f34df3d88cf1b2bcafaeaaccf9fd0c38c1c86cac5770549\njsonapi_port\u003d443\nprotocol\u003dhttps\npath_prefix\u003d/api/json\nnamespace\u003dfallout"}}
2023-08-22 23:10:23,986 [main] INFO : results for scenario: name:'scenario_20230822_161017_911'
2023-08-22 23:10:23,986 [main] INFO : -- SCENARIO TOOK 4.866S --
2023-08-22 23:10:23,987 [main] INFO : executions: 1 scenarios, 1 normal, 0 errored
2023-08-22 23:10:23,988 [main] INFO : executions: 1 scenarios, 1 normal, 0 errored
