2023-08-22 23:08:52,691 [main] INFO : Configured scenario log at logs/scenario_20230822_160852_573.log
2023-08-22 23:08:52,693 [main] INFO : Running NoSQLBench Version 5.17.3-release
2023-08-22 23:08:52,693 [main] INFO : command-line: -v vector-test-to-astra docscount=50 threads=20 auth_token=AstraCS:OTCvFjqTgAIaYWBQcCUCymau:9b047725e66c58325f34df3d88cf1b2bcafaeaaccf9fd0c38c1c86cac5770549 jsonapi_port=443 protocol=https path_prefix=/api/json
2023-08-22 23:08:52,978 [main] INFO : client-hardware: {"heap-max-GiB":"8.00","processor-name":"Apple M1 Pro","memory-GiB":"32.00","sockets":"1","logical-cores":"10","max-frequency-ghz":"0.00","physical-cores":"10","if-speeds":["0Mib","826Mib","9Mib","261Mib"]}
2023-08-22 23:08:53,090 [main] INFO : workload URI: 'file:///Users/yuqi.du/idea_workspace/storageYuqiDu/vector-test-to-astra.yaml'
2023-08-22 23:08:53,123 [main] INFO : {"layer":"CLI","start":1692745733122,"end":1692745733122,"labels":{"layer":"CLI","session":"scenario_20230822_160852_573","span":"instant","appname":"nosqlbench"},"details":{"cli":"-v\nvector-test-to-astra\ndocscount\u003d50\nthreads\u003d20\nauth_token\u003dAstraCS:OTCvFjqTgAIaYWBQcCUCymau:9b047725e66c58325f34df3d88cf1b2bcafaeaaccf9fd0c38c1c86cac5770549\njsonapi_port\u003d443\nprotocol\u003dhttps\npath_prefix\u003d/api/json"}}
2023-08-22 23:08:53,124 [main] INFO : console logging level is INFO
2023-08-22 23:08:53,129 [main] INFO : Charting disabled
2023-08-22 23:08:53,130 [scenarios:001] INFO : {"layer":"Scenario","start":1692745733130,"end":1692745733130,"labels":{"layer":"Scenario","session":"scenario_20230822_160852_573","span":"instant","appname":"nosqlbench"},"details":{"engine":"Graalvm"}}
2023-08-22 23:08:53,709 [scenarios:001] INFO : {"layer":"Activity","start":1692745733708,"end":1692745733708,"labels":{"layer":"Activity","alias":"vectortesttoastra_default_schema","session":"scenario_20230822_160852_573","span":"instant","appname":"nosqlbench"},"details":{"command":"run","params":"ActivityDef:(1)/{protocol\u003dhttps, driver\u003dhttp, threads\u003d1, workload\u003dvector-test-to-astra, alias\u003dvectortesttoastra_default_schema, auth_token\u003dAstraCS:OTCvFjqTgAIaYWBQcCUCymau:9b047725e66c58325f34df3d88cf1b2bcafaeaaccf9fd0c38c1c86cac5770549, jsonapi_port\u003d443, tags\u003dblock:schema, docscount\u003d50, path_prefix\u003d/api/json}"}}
2023-08-22 23:08:53,717 [scenarios:001] INFO : workload URI: 'file:///Users/yuqi.du/idea_workspace/storageYuqiDu/vector-test-to-astra.yaml'
2023-08-22 23:08:53,731 [scenarios:001] INFO : workload URI: 'file:///Users/yuqi.du/idea_workspace/storageYuqiDu/vector-test-to-astra.yaml'
2023-08-22 23:08:53,922 [ACTIVITY:001] INFO : defaulting stride to 2 (the sequence length)
2023-08-22 23:08:53,922 [ACTIVITY:001] INFO : defaulting cycles to 2 (the stride length)
2023-08-22 23:08:53,923 [ACTIVITY:001] INFO : setting threads to 1 (direct)
2023-08-22 23:08:53,925 [ACTIVITY:001] INFO : starting activity vectortesttoastra_default_schema for cycles [0..2)=2
2023-08-22 23:08:53,926 [ACTIVITY:001] INFO : {"layer":"Activity","start":1692745733926,"end":1692745733926,"labels":{"layer":"Activity","alias":"vectortesttoastra_default_schema","driver":"http","workload":"vector-test-to-astra","session":"scenario_20230822_160852_573","span":"instant","appname":"nosqlbench"},"details":{"params":"ActivityDef:(6)/{driver\u003dhttp, threads\u003d1, workload\u003dvector-test-to-astra, alias\u003dvectortesttoastra_default_schema, cycles\u003d2, stride\u003d2, tags\u003dblock:schema}"}}
2023-08-22 23:08:54,319 [scenarios:001] INFO : Scenario completed successfully, with 1 logical activities.
2023-08-22 23:08:54,319 [scenarios:001] INFO : scenario state: Finished
2023-08-22 23:08:54,320 [scenarios:001] INFO : {"layer":"Scenario","start":1692745733130,"end":1692745734319,"labels":{"layer":"Scenario","state":"Finished","session":"scenario_20230822_160852_573","span":"interval","appname":"nosqlbench"},"details":{"command_line":"-v\nvector-test-to-astra\ndocscount\u003d50\nthreads\u003d20\nauth_token\u003dAstraCS:OTCvFjqTgAIaYWBQcCUCymau:9b047725e66c58325f34df3d88cf1b2bcafaeaaccf9fd0c38c1c86cac5770549\njsonapi_port\u003d443\nprotocol\u003dhttps\npath_prefix\u003d/api/json"}}
2023-08-22 23:08:54,327 [vectortesttoastra_default_schema:001] ERROR: Error in core motor loop:java.lang.RuntimeException: java.lang.RuntimeException: io.nosqlbench.adapter.http.errors.InvalidResponseBodyException: Server returned body which failed content check with pattern '.*"ok":1.*'
java.lang.RuntimeException: java.lang.RuntimeException: io.nosqlbench.adapter.http.errors.InvalidResponseBodyException: Server returned body which failed content check with pattern '.*"ok":1.*'
	at io.nosqlbench.engine.api.activityapi.errorhandling.modular.handlers.StopErrorHandler.handleError(StopErrorHandler.java:32) ~[nb5.jar:?]
	at io.nosqlbench.engine.api.activityapi.errorhandling.modular.NBErrorHandler.handleError(NBErrorHandler.java:68) ~[nb5.jar:?]
	at io.nosqlbench.engine.api.activityimpl.uniform.actions.StandardAction.runCycle(StandardAction.java:117) ~[nb5.jar:?]
	at io.nosqlbench.engine.api.activityimpl.motor.CoreMotor.run(CoreMotor.java:393) [nb5.jar:?]
	at java.util.concurrent.ThreadPoolExecutor.runWorker(ThreadPoolExecutor.java:1136) [?:?]
	at java.util.concurrent.ThreadPoolExecutor$Worker.run(ThreadPoolExecutor.java:635) [?:?]
	at java.lang.Thread.run(Thread.java:833) [?:?]
Caused by: java.lang.RuntimeException: io.nosqlbench.adapter.http.errors.InvalidResponseBodyException: Server returned body which failed content check with pattern '.*"ok":1.*'
	at io.nosqlbench.adapter.http.core.HttpOp.run(HttpOp.java:84) ~[nb5.jar:?]
	at io.nosqlbench.engine.api.activityimpl.uniform.actions.StandardAction.runCycle(StandardAction.java:98) ~[nb5.jar:?]
	... 4 more
Caused by: io.nosqlbench.adapter.http.errors.InvalidResponseBodyException: Server returned body which failed content check with pattern '.*"ok":1.*'
	at io.nosqlbench.adapter.http.core.HttpOp.run(HttpOp.java:66) ~[nb5.jar:?]
	at io.nosqlbench.engine.api.activityimpl.uniform.actions.StandardAction.runCycle(StandardAction.java:98) ~[nb5.jar:?]
	... 4 more
2023-08-22 23:08:54,330 [vectortesttoastra_default_schema:001] ERROR: Uncaught exception in thread 'vectortesttoastra_default_schema:001, state[RUNNABLE], notifying executor 'ActivityExecutor~vectortesttoastra_default_schema': java.lang.RuntimeException: java.lang.RuntimeException: io.nosqlbench.adapter.http.errors.InvalidResponseBodyException: Server returned body which failed content check with pattern '.*"ok":1.*'
2023-08-22 23:08:54,330 [vectortesttoastra_default_schema:001] INFO : stopping activity vectortesttoastra_default_schema:Errored:⌀(0) ⏫(0) ⏵(0) ⏬(0) ⏹(0) ⏯(0) ⚠(1)
2023-08-22 23:08:54,331 [vectortesttoastra_default_schema:001] WARN : attempted to stop motor 0: from non Running state:Errored
2023-08-22 23:08:54,628 [main] INFO : results for scenario: name:'scenario_20230822_160852_573'
2023-08-22 23:08:54,628 [main] INFO : -- SCENARIO TOOK 1.189S --
2023-08-22 23:08:54,629 [main] INFO : executions: 1 scenarios, 0 normal, 1 errored
2023-08-22 23:08:54,629 [main] WARN : executions: 1 scenarios, 0 normal, 1 errored
2023-08-22 23:08:54,631 [main] ERROR: internal error: Error while waiting for activity completion:null
java.lang.RuntimeException: Error while waiting for activity completion:null
	at io.nosqlbench.engine.core.lifecycle.activity.ActivityExecutor.awaitActivityCompletion(ActivityExecutor.java:481) ~[nb5.jar:?]
	at io.nosqlbench.engine.core.lifecycle.activity.ActivityExecutor.call(ActivityExecutor.java:404) ~[nb5.jar:?]
	at io.nosqlbench.engine.core.lifecycle.activity.ActivityExecutor.call(ActivityExecutor.java:53) ~[nb5.jar:?]
	at java.util.concurrent.FutureTask.run(FutureTask.java:264) ~[?:?]
	at java.util.concurrent.ThreadPoolExecutor.runWorker(ThreadPoolExecutor.java:1136) ~[?:?]
	at java.util.concurrent.ThreadPoolExecutor$Worker.run(ThreadPoolExecutor.java:635) ~[?:?]
	at java.lang.Thread.run(Thread.java:833) ~[?:?]
