2023-08-22 23:05:54,063 [main] INFO : Configured scenario log at logs/scenario_20230822_160553_842.log
2023-08-22 23:05:54,065 [main] INFO : Running NoSQLBench Version 5.17.3-release
2023-08-22 23:05:54,065 [main] INFO : command-line: -v vector-test-to-astra docscount=50 threads=20 auth_token=AstraCS:OTCvFjqTgAIaYWBQcCUCymau:9b047725e66c58325f34df3d88cf1b2bcafaeaaccf9fd0c38c1c86cac5770549 jsonapi_port=443 protocol=https path_prefix=/api/json
2023-08-22 23:05:54,345 [main] INFO : client-hardware: {"memory-GiB":"32.00","sockets":"1","logical-cores":"10","max-frequency-ghz":"0.00","physical-cores":"10","if-speeds":["0Mib","217Mib","826Mib","9Mib"],"heap-max-GiB":"8.00","processor-name":"Apple M1 Pro"}
2023-08-22 23:05:54,451 [main] INFO : workload URI: 'file:///Users/yuqi.du/idea_workspace/storageYuqiDu/vector-test-to-astra.yaml'
2023-08-22 23:05:54,487 [main] INFO : {"layer":"CLI","start":1692745554486,"end":1692745554486,"labels":{"layer":"CLI","session":"scenario_20230822_160553_842","span":"instant","appname":"nosqlbench"},"details":{"cli":"-v\nvector-test-to-astra\ndocscount\u003d50\nthreads\u003d20\nauth_token\u003dAstraCS:OTCvFjqTgAIaYWBQcCUCymau:9b047725e66c58325f34df3d88cf1b2bcafaeaaccf9fd0c38c1c86cac5770549\njsonapi_port\u003d443\nprotocol\u003dhttps\npath_prefix\u003d/api/json"}}
2023-08-22 23:05:54,488 [main] INFO : console logging level is INFO
2023-08-22 23:05:54,493 [main] INFO : Charting disabled
2023-08-22 23:05:54,494 [scenarios:001] INFO : {"layer":"Scenario","start":1692745554494,"end":1692745554494,"labels":{"layer":"Scenario","session":"scenario_20230822_160553_842","span":"instant","appname":"nosqlbench"},"details":{"engine":"Graalvm"}}
2023-08-22 23:05:55,042 [scenarios:001] INFO : {"layer":"Activity","start":1692745555040,"end":1692745555040,"labels":{"layer":"Activity","alias":"vectortesttoastra_default_schema","session":"scenario_20230822_160553_842","span":"instant","appname":"nosqlbench"},"details":{"command":"run","params":"ActivityDef:(1)/{protocol\u003dhttps, driver\u003dhttp, threads\u003d1, workload\u003dvector-test-to-astra, alias\u003dvectortesttoastra_default_schema, auth_token\u003dAstraCS:OTCvFjqTgAIaYWBQcCUCymau:9b047725e66c58325f34df3d88cf1b2bcafaeaaccf9fd0c38c1c86cac5770549, jsonapi_port\u003d443, tags\u003dblock:schema, docscount\u003d50, path_prefix\u003d/api/json}"}}
2023-08-22 23:05:55,051 [scenarios:001] INFO : workload URI: 'file:///Users/yuqi.du/idea_workspace/storageYuqiDu/vector-test-to-astra.yaml'
2023-08-22 23:05:55,066 [scenarios:001] INFO : workload URI: 'file:///Users/yuqi.du/idea_workspace/storageYuqiDu/vector-test-to-astra.yaml'
2023-08-22 23:05:55,269 [ACTIVITY:001] INFO : defaulting stride to 3 (the sequence length)
2023-08-22 23:05:55,270 [ACTIVITY:001] INFO : defaulting cycles to 3 (the stride length)
2023-08-22 23:05:55,270 [ACTIVITY:001] INFO : setting threads to 1 (direct)
2023-08-22 23:05:55,272 [ACTIVITY:001] INFO : starting activity vectortesttoastra_default_schema for cycles [0..3)=3
2023-08-22 23:05:55,272 [ACTIVITY:001] INFO : {"layer":"Activity","start":1692745555272,"end":1692745555272,"labels":{"layer":"Activity","alias":"vectortesttoastra_default_schema","driver":"http","workload":"vector-test-to-astra","session":"scenario_20230822_160553_842","span":"instant","appname":"nosqlbench"},"details":{"params":"ActivityDef:(6)/{driver\u003dhttp, threads\u003d1, workload\u003dvector-test-to-astra, alias\u003dvectortesttoastra_default_schema, cycles\u003d3, stride\u003d3, tags\u003dblock:schema}"}}
2023-08-22 23:05:55,783 [scenarios:001] INFO : {"layer":"Activity","start":1692745555783,"end":1692745555783,"labels":{"layer":"Activity","alias":"vectortesttoastra_default_write","session":"scenario_20230822_160553_842","span":"instant","appname":"nosqlbench"},"details":{"command":"run","params":"ActivityDef:(1)/{workload\u003dvector-test-to-astra, threads\u003d20, cycles\u003d50, tags\u003dname:\"write.*\", path_prefix\u003d/api/json, protocol\u003dhttps, driver\u003dhttp, alias\u003dvectortesttoastra_default_write, auth_token\u003dAstraCS:OTCvFjqTgAIaYWBQcCUCymau:9b047725e66c58325f34df3d88cf1b2bcafaeaaccf9fd0c38c1c86cac5770549, jsonapi_port\u003d443, errors\u003dtimer,warn, docscount\u003d50}"}}
2023-08-22 23:05:55,785 [scenarios:001] INFO : workload URI: 'file:///Users/yuqi.du/idea_workspace/storageYuqiDu/vector-test-to-astra.yaml'
2023-08-22 23:05:55,791 [scenarios:001] INFO : workload URI: 'file:///Users/yuqi.du/idea_workspace/storageYuqiDu/vector-test-to-astra.yaml'
2023-08-22 23:05:55,789 [vectortesttoastra_default_schema:001] ERROR: Error in core motor loop:java.lang.RuntimeException: java.lang.RuntimeException: io.nosqlbench.adapter.http.errors.InvalidResponseBodyException: Server returned body which failed content check with pattern '.*"ok":1.*'
java.lang.RuntimeException: java.lang.RuntimeException: io.nosqlbench.adapter.http.errors.InvalidResponseBodyException: Server returned body which failed content check with pattern '.*"ok":1.*'
	at io.nosqlbench.engine.api.activityapi.errorhandling.modular.handlers.StopErrorHandler.handleError(StopErrorHandler.java:32) ~[nb5.jar:?]
	at io.nosqlbench.engine.api.activityapi.errorhandling.modular.NBErrorHandler.handleError(NBErrorHandler.java:68) ~[nb5.jar:?]
	at io.nosqlbench.engine.api.activityimpl.uniform.actions.StandardAction.runCycle(StandardAction.java:117) ~[nb5.jar:?]
	at io.nosqlbench.engine.api.activityimpl.motor.CoreMotor.run(CoreMotor.java:393) [nb5.jar:?]
	at java.util.concurrent.ThreadPoolExecutor.runWorker(ThreadPoolExecutor.java:1136) [?:?]
	at java.util.concurrent.ThreadPoolExecutor$Worker.run(ThreadPoolExecutor.java:635) [?:?]
	at java.lang.Thread.run(Thread.java:833) [?:?]
Caused by: java.lang.RuntimeException: io.nosqlbench.adapter.http.errors.InvalidResponseBodyException: Server returned body which failed content check with pattern '.*"ok":1.*'
	at io.nosqlbench.adapter.http.core.HttpOp.run(HttpOp.java:84) ~[nb5.jar:?]
	at io.nosqlbench.engine.api.activityimpl.uniform.actions.StandardAction.runCycle(StandardAction.java:98) ~[nb5.jar:?]
	... 4 more
Caused by: io.nosqlbench.adapter.http.errors.InvalidResponseBodyException: Server returned body which failed content check with pattern '.*"ok":1.*'
	at io.nosqlbench.adapter.http.core.HttpOp.run(HttpOp.java:66) ~[nb5.jar:?]
	at io.nosqlbench.engine.api.activityimpl.uniform.actions.StandardAction.runCycle(StandardAction.java:98) ~[nb5.jar:?]
	... 4 more
2023-08-22 23:05:55,792 [vectortesttoastra_default_schema:001] ERROR: Uncaught exception in thread 'vectortesttoastra_default_schema:001, state[RUNNABLE], notifying executor 'ActivityExecutor~vectortesttoastra_default_schema': java.lang.RuntimeException: java.lang.RuntimeException: io.nosqlbench.adapter.http.errors.InvalidResponseBodyException: Server returned body which failed content check with pattern '.*"ok":1.*'
2023-08-22 23:05:55,796 [vectortesttoastra_default_schema:001] INFO : stopping activity vectortesttoastra_default_schema:Errored:⌀(0) ⏫(0) ⏵(0) ⏬(0) ⏹(0) ⏯(0) ⚠(1)
2023-08-22 23:05:55,796 [vectortesttoastra_default_schema:001] WARN : attempted to stop motor 0: from non Running state:Errored
2023-08-22 23:05:55,838 [ACTIVITY:001] INFO : defaulting stride to 5 (the sequence length)
2023-08-22 23:05:55,839 [ACTIVITY:001] INFO : setting threads to 20 (direct)
2023-08-22 23:05:55,839 [ACTIVITY:001] INFO : starting activity vectortesttoastra_default_write for cycles [0..50)=50
2023-08-22 23:05:55,839 [ACTIVITY:001] INFO : {"layer":"Activity","start":1692745555839,"end":1692745555839,"labels":{"layer":"Activity","alias":"vectortesttoastra_default_write","driver":"http","workload":"vector-test-to-astra","session":"scenario_20230822_160553_842","span":"instant","appname":"nosqlbench"},"details":{"params":"ActivityDef:(6)/{workload\u003dvector-test-to-astra, threads\u003d20, cycles\u003d50, stride\u003d5, tags\u003dname:\"write.*\", driver\u003dhttp, alias\u003dvectortesttoastra_default_write, errors\u003dtimer,warn}"}}
2023-08-22 23:05:56,114 [vectortesttoastra_default_write:011] WARN : error with cycle 20 errmsg: io.nosqlbench.adapter.http.errors.InvalidResponseBodyException: Server returned body which failed content check with pattern '.*\"insertedIds\":\[.*\].*'
2023-08-22 23:05:56,116 [vectortesttoastra_default_write:003] WARN : error with cycle 10 errmsg: io.nosqlbench.adapter.http.errors.InvalidResponseBodyException: Server returned body which failed content check with pattern '.*\"insertedIds\":\[.*\].*'
2023-08-22 23:05:56,116 [vectortesttoastra_default_write:009] WARN : error with cycle 15 errmsg: io.nosqlbench.adapter.http.errors.InvalidResponseBodyException: Server returned body which failed content check with pattern '.*\"insertedIds\":\[.*\].*'
2023-08-22 23:05:56,116 [vectortesttoastra_default_write:008] WARN : error with cycle 35 errmsg: io.nosqlbench.adapter.http.errors.InvalidResponseBodyException: Server returned body which failed content check with pattern '.*\"insertedIds\":\[.*\].*'
2023-08-22 23:05:56,116 [vectortesttoastra_default_write:001] WARN : error with cycle 0 errmsg: io.nosqlbench.adapter.http.errors.InvalidResponseBodyException: Server returned body which failed content check with pattern '.*\"insertedIds\":\[.*\].*'
2023-08-22 23:05:56,116 [vectortesttoastra_default_write:014] WARN : error with cycle 40 errmsg: io.nosqlbench.adapter.http.errors.InvalidResponseBodyException: Server returned body which failed content check with pattern '.*\"insertedIds\":\[.*\].*'
2023-08-22 23:05:56,130 [vectortesttoastra_default_write:004] WARN : error with cycle 30 errmsg: io.nosqlbench.adapter.http.errors.InvalidResponseBodyException: Server returned body which failed content check with pattern '.*\"insertedIds\":\[.*\].*'
2023-08-22 23:05:56,178 [vectortesttoastra_default_write:001] WARN : error with cycle 1 errmsg: io.nosqlbench.adapter.http.errors.InvalidResponseBodyException: Server returned body which failed content check with pattern '.*\"insertedIds\":\[.*\].*'
2023-08-22 23:05:56,181 [vectortesttoastra_default_write:009] WARN : error with cycle 16 errmsg: io.nosqlbench.adapter.http.errors.InvalidResponseBodyException: Server returned body which failed content check with pattern '.*\"insertedIds\":\[.*\].*'
2023-08-22 23:05:56,185 [vectortesttoastra_default_write:011] WARN : error with cycle 21 errmsg: io.nosqlbench.adapter.http.errors.InvalidResponseBodyException: Server returned body which failed content check with pattern '.*\"insertedIds\":\[.*\].*'
2023-08-22 23:05:56,213 [vectortesttoastra_default_write:001] WARN : error with cycle 2 errmsg: io.nosqlbench.adapter.http.errors.InvalidResponseBodyException: Server returned body which failed content check with pattern '.*\"insertedIds\":\[.*\].*'
2023-08-22 23:05:56,216 [vectortesttoastra_default_write:011] WARN : error with cycle 22 errmsg: io.nosqlbench.adapter.http.errors.InvalidResponseBodyException: Server returned body which failed content check with pattern '.*\"insertedIds\":\[.*\].*'
2023-08-22 23:05:56,221 [vectortesttoastra_default_write:006] WARN : error with cycle 45 errmsg: io.nosqlbench.adapter.http.errors.InvalidResponseBodyException: Server returned body which failed content check with pattern '.*\"insertedIds\":\[.*\].*'
2023-08-22 23:05:56,221 [vectortesttoastra_default_write:002] WARN : error with cycle 5 errmsg: io.nosqlbench.adapter.http.errors.InvalidResponseBodyException: Server returned body which failed content check with pattern '.*\"insertedIds\":\[.*\].*'
2023-08-22 23:05:56,221 [vectortesttoastra_default_write:005] WARN : error with cycle 25 errmsg: io.nosqlbench.adapter.http.errors.InvalidResponseBodyException: Server returned body which failed content check with pattern '.*\"insertedIds\":\[.*\].*'
2023-08-22 23:05:56,268 [vectortesttoastra_default_write:011] WARN : error with cycle 23 errmsg: io.nosqlbench.adapter.http.errors.InvalidResponseBodyException: Server returned body which failed content check with pattern '.*\"insertedIds\":\[.*\].*'
2023-08-22 23:05:56,276 [vectortesttoastra_default_write:002] WARN : error with cycle 6 errmsg: io.nosqlbench.adapter.http.errors.InvalidResponseBodyException: Server returned body which failed content check with pattern '.*\"insertedIds\":\[.*\].*'
2023-08-22 23:05:56,291 [vectortesttoastra_default_write:014] WARN : error with cycle 41 errmsg: io.nosqlbench.adapter.http.errors.InvalidResponseBodyException: Server returned body which failed content check with pattern '.*\"insertedIds\":\[.*\].*'
2023-08-22 23:05:56,296 [vectortesttoastra_default_write:006] WARN : error with cycle 46 errmsg: io.nosqlbench.adapter.http.errors.InvalidResponseBodyException: Server returned body which failed content check with pattern '.*\"insertedIds\":\[.*\].*'
2023-08-22 23:05:56,302 [vectortesttoastra_default_write:008] WARN : error with cycle 36 errmsg: io.nosqlbench.adapter.http.errors.InvalidResponseBodyException: Server returned body which failed content check with pattern '.*\"insertedIds\":\[.*\].*'
2023-08-22 23:05:56,309 [vectortesttoastra_default_write:003] WARN : error with cycle 11 errmsg: io.nosqlbench.adapter.http.errors.InvalidResponseBodyException: Server returned body which failed content check with pattern '.*\"insertedIds\":\[.*\].*'
2023-08-22 23:05:56,362 [vectortesttoastra_default_write:004] WARN : error with cycle 31 errmsg: io.nosqlbench.adapter.http.errors.InvalidResponseBodyException: Server returned body which failed content check with pattern '.*\"insertedIds\":\[.*\].*'
2023-08-22 23:05:56,362 [vectortesttoastra_default_write:014] WARN : error with cycle 42 errmsg: io.nosqlbench.adapter.http.errors.InvalidResponseBodyException: Server returned body which failed content check with pattern '.*\"insertedIds\":\[.*\].*'
2023-08-22 23:05:56,375 [vectortesttoastra_default_write:009] WARN : error with cycle 17 errmsg: io.nosqlbench.adapter.http.errors.InvalidResponseBodyException: Server returned body which failed content check with pattern '.*\"insertedIds\":\[.*\].*'
2023-08-22 23:05:56,394 [vectortesttoastra_default_write:002] WARN : error with cycle 7 errmsg: io.nosqlbench.adapter.http.errors.InvalidResponseBodyException: Server returned body which failed content check with pattern '.*\"insertedIds\":\[.*\].*'
2023-08-22 23:05:56,394 [vectortesttoastra_default_write:001] WARN : error with cycle 3 errmsg: io.nosqlbench.adapter.http.errors.InvalidResponseBodyException: Server returned body which failed content check with pattern '.*\"insertedIds\":\[.*\].*'
2023-08-22 23:05:56,397 [vectortesttoastra_default_write:006] WARN : error with cycle 47 errmsg: io.nosqlbench.adapter.http.errors.InvalidResponseBodyException: Server returned body which failed content check with pattern '.*\"insertedIds\":\[.*\].*'
2023-08-22 23:05:56,435 [vectortesttoastra_default_write:004] WARN : error with cycle 32 errmsg: io.nosqlbench.adapter.http.errors.InvalidResponseBodyException: Server returned body which failed content check with pattern '.*\"insertedIds\":\[.*\].*'
2023-08-22 23:05:56,436 [vectortesttoastra_default_write:014] WARN : error with cycle 43 errmsg: io.nosqlbench.adapter.http.errors.InvalidResponseBodyException: Server returned body which failed content check with pattern '.*\"insertedIds\":\[.*\].*'
2023-08-22 23:05:56,623 [vectortesttoastra_default_write:004] WARN : error with cycle 33 errmsg: io.nosqlbench.adapter.http.errors.InvalidResponseBodyException: Server returned body which failed content check with pattern '.*\"insertedIds\":\[.*\].*'
2023-08-22 23:05:56,623 [vectortesttoastra_default_write:001] WARN : error with cycle 4 errmsg: io.nosqlbench.adapter.http.errors.InvalidResponseBodyException: Server returned body which failed content check with pattern '.*\"insertedIds\":\[.*\].*'
2023-08-22 23:05:56,623 [vectortesttoastra_default_write:006] WARN : error with cycle 48 errmsg: io.nosqlbench.adapter.http.errors.InvalidResponseBodyException: Server returned body which failed content check with pattern '.*\"insertedIds\":\[.*\].*'
2023-08-22 23:05:56,623 [vectortesttoastra_default_write:005] WARN : error with cycle 26 errmsg: io.nosqlbench.adapter.http.errors.InvalidResponseBodyException: Server returned body which failed content check with pattern '.*\"insertedIds\":\[.*\].*'
2023-08-22 23:05:56,624 [vectortesttoastra_default_write:002] WARN : error with cycle 8 errmsg: io.nosqlbench.adapter.http.errors.InvalidResponseBodyException: Server returned body which failed content check with pattern '.*\"insertedIds\":\[.*\].*'
2023-08-22 23:05:56,623 [vectortesttoastra_default_write:011] WARN : error with cycle 24 errmsg: io.nosqlbench.adapter.http.errors.InvalidResponseBodyException: Server returned body which failed content check with pattern '.*\"insertedIds\":\[.*\].*'
2023-08-22 23:05:56,628 [vectortesttoastra_default_write:014] WARN : error with cycle 44 errmsg: io.nosqlbench.adapter.http.errors.InvalidResponseBodyException: Server returned body which failed content check with pattern '.*\"insertedIds\":\[.*\].*'
2023-08-22 23:05:56,651 [vectortesttoastra_default_write:008] WARN : error with cycle 37 errmsg: io.nosqlbench.adapter.http.errors.InvalidResponseBodyException: Server returned body which failed content check with pattern '.*\"insertedIds\":\[.*\].*'
2023-08-22 23:05:56,659 [vectortesttoastra_default_write:003] WARN : error with cycle 12 errmsg: io.nosqlbench.adapter.http.errors.InvalidResponseBodyException: Server returned body which failed content check with pattern '.*\"insertedIds\":\[.*\].*'
2023-08-22 23:05:56,660 [vectortesttoastra_default_write:002] WARN : error with cycle 9 errmsg: io.nosqlbench.adapter.http.errors.InvalidResponseBodyException: Server returned body which failed content check with pattern '.*\"insertedIds\":\[.*\].*'
2023-08-22 23:05:56,673 [vectortesttoastra_default_write:006] WARN : error with cycle 49 errmsg: io.nosqlbench.adapter.http.errors.InvalidResponseBodyException: Server returned body which failed content check with pattern '.*\"insertedIds\":\[.*\].*'
2023-08-22 23:05:56,688 [vectortesttoastra_default_write:005] WARN : error with cycle 27 errmsg: io.nosqlbench.adapter.http.errors.InvalidResponseBodyException: Server returned body which failed content check with pattern '.*\"insertedIds\":\[.*\].*'
2023-08-22 23:05:56,691 [vectortesttoastra_default_write:008] WARN : error with cycle 38 errmsg: io.nosqlbench.adapter.http.errors.InvalidResponseBodyException: Server returned body which failed content check with pattern '.*\"insertedIds\":\[.*\].*'
2023-08-22 23:05:56,702 [vectortesttoastra_default_write:009] WARN : error with cycle 18 errmsg: io.nosqlbench.adapter.http.errors.InvalidResponseBodyException: Server returned body which failed content check with pattern '.*\"insertedIds\":\[.*\].*'
2023-08-22 23:05:56,747 [vectortesttoastra_default_write:003] WARN : error with cycle 13 errmsg: io.nosqlbench.adapter.http.errors.InvalidResponseBodyException: Server returned body which failed content check with pattern '.*\"insertedIds\":\[.*\].*'
2023-08-22 23:05:56,777 [vectortesttoastra_default_write:008] WARN : error with cycle 39 errmsg: io.nosqlbench.adapter.http.errors.InvalidResponseBodyException: Server returned body which failed content check with pattern '.*\"insertedIds\":\[.*\].*'
2023-08-22 23:05:56,777 [vectortesttoastra_default_write:005] WARN : error with cycle 28 errmsg: io.nosqlbench.adapter.http.errors.InvalidResponseBodyException: Server returned body which failed content check with pattern '.*\"insertedIds\":\[.*\].*'
2023-08-22 23:05:56,777 [vectortesttoastra_default_write:009] WARN : error with cycle 19 errmsg: io.nosqlbench.adapter.http.errors.InvalidResponseBodyException: Server returned body which failed content check with pattern '.*\"insertedIds\":\[.*\].*'
2023-08-22 23:05:56,777 [vectortesttoastra_default_write:004] WARN : error with cycle 34 errmsg: io.nosqlbench.adapter.http.errors.InvalidResponseBodyException: Server returned body which failed content check with pattern '.*\"insertedIds\":\[.*\].*'
2023-08-22 23:05:56,780 [vectortesttoastra_default_write:003] WARN : error with cycle 14 errmsg: io.nosqlbench.adapter.http.errors.InvalidResponseBodyException: Server returned body which failed content check with pattern '.*\"insertedIds\":\[.*\].*'
2023-08-22 23:05:56,809 [vectortesttoastra_default_write:005] WARN : error with cycle 29 errmsg: io.nosqlbench.adapter.http.errors.InvalidResponseBodyException: Server returned body which failed content check with pattern '.*\"insertedIds\":\[.*\].*'
2023-08-22 23:05:56,810 [scenarios:001] INFO : Scenario completed successfully, with 2 logical activities.
2023-08-22 23:05:56,810 [scenarios:001] INFO : scenario state: Finished
2023-08-22 23:05:56,811 [scenarios:001] INFO : {"layer":"Scenario","start":1692745554494,"end":1692745556810,"labels":{"layer":"Scenario","state":"Finished","session":"scenario_20230822_160553_842","span":"interval","appname":"nosqlbench"},"details":{"command_line":"-v\nvector-test-to-astra\ndocscount\u003d50\nthreads\u003d20\nauth_token\u003dAstraCS:OTCvFjqTgAIaYWBQcCUCymau:9b047725e66c58325f34df3d88cf1b2bcafaeaaccf9fd0c38c1c86cac5770549\njsonapi_port\u003d443\nprotocol\u003dhttps\npath_prefix\u003d/api/json"}}
2023-08-22 23:05:57,501 [main] INFO : results for scenario: name:'scenario_20230822_160553_842'
2023-08-22 23:05:57,501 [main] INFO : -- SCENARIO TOOK 2.316S --
2023-08-22 23:05:57,502 [main] INFO : executions: 1 scenarios, 0 normal, 1 errored
2023-08-22 23:05:57,503 [main] WARN : executions: 1 scenarios, 0 normal, 1 errored
2023-08-22 23:05:57,504 [main] ERROR: internal error: Error while waiting for activity completion:null
java.lang.RuntimeException: Error while waiting for activity completion:null
	at io.nosqlbench.engine.core.lifecycle.activity.ActivityExecutor.awaitActivityCompletion(ActivityExecutor.java:481) ~[nb5.jar:?]
	at io.nosqlbench.engine.core.lifecycle.activity.ActivityExecutor.call(ActivityExecutor.java:404) ~[nb5.jar:?]
	at io.nosqlbench.engine.core.lifecycle.activity.ActivityExecutor.call(ActivityExecutor.java:53) ~[nb5.jar:?]
	at java.util.concurrent.FutureTask.run(FutureTask.java:264) ~[?:?]
	at java.util.concurrent.ThreadPoolExecutor.runWorker(ThreadPoolExecutor.java:1136) ~[?:?]
	at java.util.concurrent.ThreadPoolExecutor$Worker.run(ThreadPoolExecutor.java:635) ~[?:?]
	at java.lang.Thread.run(Thread.java:833) ~[?:?]
