2023-09-18 16:42:27,401 [main] INFO : Configured scenario log at logs/nFE0~Ru.log
2023-09-18 16:42:27,406 [main] INFO : Running NoSQLBench Version 5.17.4-preview
2023-09-18 16:42:27,407 [main] INFO : command-line: -v mongo_vector_crud_dataAPI docscount=10000 threads=100 --report-prompush-to http://127.0.0.1:8428/api/v1/import/prometheus/metrics/job/nosqlbench/instance/zen_brahmagupta uri=https://us-west-2.aws.data.mongodb-api.com/app/data-fvelc/endpoint/data/v1 key=1PwepOs5phnQaQW4OcC3dtzTWxKKdhXSwY5J8CbGsVUEZBrnakzUsoyniYUF4Qez --log-histostats hdrstats.log:.*suffix:10s
2023-09-18 16:42:27,830 [main] INFO : client-hardware: {"heap-max-GiB":"8.00","processor-name":"Apple M1 Pro","memory-GiB":"32.00","sockets":"1","logical-cores":"10","max-frequency-ghz":"0.00","physical-cores":"10","if-speeds":["0Mib","290Mib","9Mib"]}
2023-09-18 16:42:27,968 [main] INFO : workload URI: 'file:///Users/yuqi.du/idea_workspace/storageYuqiDu/mongo_vector_crud_dataAPI.yaml'
2023-09-18 16:42:28,007 [main] INFO : {"layer":"Session","start":1695055348005,"end":1695055348005,"details":{"cli":"-v\nmongo_vector_crud_dataAPI\ndocscount\u003d10000\nthreads\u003d100\n--report-prompush-to\nhttp://127.0.0.1:8428/api/v1/import/prometheus/metrics/job/nosqlbench/instance/zen_brahmagupta\nuri\u003dhttps://us-west-2.aws.data.mongodb-api.com/app/data-fvelc/endpoint/data/v1\nkey\u003d1PwepOs5phnQaQW4OcC3dtzTWxKKdhXSwY5J8CbGsVUEZBrnakzUsoyniYUF4Qez\n--log-histostats\nhdrstats.log:.*suffix:10s"}}
2023-09-18 16:42:28,010 [main] INFO : PromPushReporter default configuration
2023-09-18 16:42:28,011 [main] INFO : Reading Bearer Token from %s
2023-09-18 16:42:28,011 [main] WARN : apikeyfile does not exist at '/Users/yuqi.du/.nosqlbench/prompush/prompush_apikey
2023-09-18 16:42:28,013 [main] INFO : starting reporter: PromPushReporter
2023-09-18 16:42:28,013 [main] INFO : starting reporter: Log4JMetricsReporter
2023-09-18 16:42:28,018 [main] INFO : console logging level is INFO
2023-09-18 16:42:28,023 [main] INFO : Charting disabled
2023-09-18 16:42:28,024 [scenarios:001] INFO : {"layer":"Scenario","start":1695055348024,"end":1695055348024,"details":{"engine":"Graalvm"}}
2023-09-18 16:42:28,696 [scenarios:001] INFO : workload URI: 'file:///Users/yuqi.du/idea_workspace/storageYuqiDu/mongo_vector_crud_dataAPI.yaml'
2023-09-18 16:42:28,707 [scenarios:001] INFO : workload URI: 'file:///Users/yuqi.du/idea_workspace/storageYuqiDu/mongo_vector_crud_dataAPI.yaml'
2023-09-18 16:42:28,990 [ACTIVITY:001] INFO : {"layer":"Activity","start":1695055348989,"end":1695055348989,"details":{"event":"start-activity","params":"ActivityDef:(9)/{driver\u003dhttp, threads\u003d100, workload\u003dmongo_vector_crud_dataAPI, alias\u003dwrite, cycles\u003d10000, errors\u003dtimer,warn, tags\u003dname:\"write.*\", labels\u003dworkload:$mongo_vector_crud_dataAPI}"}}
2023-09-18 16:42:28,991 [ACTIVITY:001] INFO : defaulting stride to 1 (the sequence length)
2023-09-18 16:42:28,991 [ACTIVITY:001] INFO : setting threads to 100 (direct)
2023-09-18 16:42:28,993 [ACTIVITY:001] INFO : starting activity write for cycles [0..10000)=10000
2023-09-18 16:42:28,994 [ACTIVITY:001] INFO : {"layer":"Activity","start":1695055348993,"end":1695055348993,"details":{"params":"ActivityDef:(9)/{driver\u003dhttp, threads\u003d100, workload\u003dmongo_vector_crud_dataAPI, alias\u003dwrite, cycles\u003d10000, stride\u003d1, errors\u003dtimer,warn, tags\u003dname:\"write.*\", labels\u003dworkload:$mongo_vector_crud_dataAPI}"}}
2023-09-18 16:42:31,237 [write:099] INFO : parsed activityDef  to-> ActivityDef:(1)/{}
2023-09-18 16:42:31,238 [write:099] WARN : The identifier or value 'errortimers.ALL' was sanitized to 'errortimers' to be compatible with monitoring systems. You should probably change this to make diagnostics easier.
2023-09-18 16:42:31,254 [write:099] WARN : error with cycle 96 errmsg: io.nosqlbench.adapter.http.errors.InvalidStatusCodeException: Server returned status code '400' which did not match ok_status '2..'
2023-09-18 16:42:31,318 [write:012] WARN : error with cycle 0 errmsg: io.nosqlbench.adapter.http.errors.InvalidStatusCodeException: Server returned status code '400' which did not match ok_status '2..'
2023-09-18 16:42:31,318 [write:069] WARN : error with cycle 21 errmsg: io.nosqlbench.adapter.http.errors.InvalidStatusCodeException: Server returned status code '400' which did not match ok_status '2..'
2023-09-18 16:42:31,318 [write:017] WARN : error with cycle 81 errmsg: io.nosqlbench.adapter.http.errors.InvalidStatusCodeException: Server returned status code '400' which did not match ok_status '2..'
2023-09-18 16:42:31,319 [write:064] WARN : error with cycle 93 errmsg: io.nosqlbench.adapter.http.errors.InvalidStatusCodeException: Server returned status code '400' which did not match ok_status '2..'
2023-09-18 16:42:31,319 [write:035] WARN : error with cycle 78 errmsg: io.nosqlbench.adapter.http.errors.InvalidStatusCodeException: Server returned status code '400' which did not match ok_status '2..'
2023-09-18 16:42:31,318 [write:093] WARN : error with cycle 98 errmsg: io.nosqlbench.adapter.http.errors.InvalidStatusCodeException: Server returned status code '400' which did not match ok_status '2..'
2023-09-18 16:42:31,318 [write:060] WARN : error with cycle 9 errmsg: io.nosqlbench.adapter.http.errors.InvalidStatusCodeException: Server returned status code '400' which did not match ok_status '2..'
2023-09-18 16:42:31,319 [write:089] WARN : error with cycle 66 errmsg: io.nosqlbench.adapter.http.errors.InvalidStatusCodeException: Server returned status code '400' which did not match ok_status '2..'
2023-09-18 16:42:31,375 [write:014] WARN : error with cycle 84 errmsg: io.nosqlbench.adapter.http.errors.InvalidStatusCodeException: Server returned status code '400' which did not match ok_status '2..'
2023-09-18 16:42:31,375 [write:025] WARN : error with cycle 61 errmsg: io.nosqlbench.adapter.http.errors.InvalidStatusCodeException: Server returned status code '400' which did not match ok_status '2..'
2023-09-18 16:42:31,376 [write:011] WARN : error with cycle 22 errmsg: io.nosqlbench.adapter.http.errors.InvalidStatusCodeException: Server returned status code '400' which did not match ok_status '2..'
2023-09-18 16:42:31,376 [write:097] WARN : error with cycle 82 errmsg: io.nosqlbench.adapter.http.errors.InvalidStatusCodeException: Server returned status code '400' which did not match ok_status '2..'
2023-09-18 16:42:31,376 [write:027] WARN : error with cycle 73 errmsg: io.nosqlbench.adapter.http.errors.InvalidStatusCodeException: Server returned status code '400' which did not match ok_status '2..'
2023-09-18 16:42:31,376 [write:072] WARN : error with cycle 86 errmsg: io.nosqlbench.adapter.http.errors.InvalidStatusCodeException: Server returned status code '400' which did not match ok_status '2..'
2023-09-18 16:42:31,403 [write:010] WARN : error with cycle 5 errmsg: io.nosqlbench.adapter.http.errors.InvalidStatusCodeException: Server returned status code '400' which did not match ok_status '2..'
2023-09-18 16:42:31,438 [write:013] WARN : error with cycle 26 errmsg: io.nosqlbench.adapter.http.errors.InvalidStatusCodeException: Server returned status code '400' which did not match ok_status '2..'
2023-09-18 16:42:31,442 [write:009] WARN : error with cycle 7 errmsg: io.nosqlbench.adapter.http.errors.InvalidStatusCodeException: Server returned status code '400' which did not match ok_status '2..'
2023-09-18 16:42:31,683 [write:016] WARN : error with cycle 32 errmsg: io.nosqlbench.adapter.http.errors.InvalidStatusCodeException: Server returned status code '400' which did not match ok_status '2..'
2023-09-18 16:42:31,683 [write:066] WARN : error with cycle 92 errmsg: io.nosqlbench.adapter.http.errors.InvalidStatusCodeException: Server returned status code '400' which did not match ok_status '2..'
2023-09-18 16:42:31,683 [write:001] WARN : error with cycle 11 errmsg: io.nosqlbench.adapter.http.errors.InvalidStatusCodeException: Server returned status code '400' which did not match ok_status '2..'
2023-09-18 16:42:31,684 [write:090] WARN : error with cycle 68 errmsg: io.nosqlbench.adapter.http.errors.InvalidStatusCodeException: Server returned status code '400' which did not match ok_status '2..'
2023-09-18 16:42:31,684 [write:082] WARN : error with cycle 46 errmsg: io.nosqlbench.adapter.http.errors.InvalidStatusCodeException: Server returned status code '400' which did not match ok_status '2..'
2023-09-18 16:42:31,701 [write:075] WARN : error with cycle 29 errmsg: io.nosqlbench.adapter.http.errors.InvalidStatusCodeException: Server returned status code '400' which did not match ok_status '2..'
2023-09-18 16:42:31,701 [write:005] WARN : error with cycle 14 errmsg: io.nosqlbench.adapter.http.errors.InvalidStatusCodeException: Server returned status code '400' which did not match ok_status '2..'
2023-09-18 16:42:31,709 [write:041] WARN : error with cycle 44 errmsg: io.nosqlbench.adapter.http.errors.InvalidStatusCodeException: Server returned status code '400' which did not match ok_status '2..'
2023-09-18 16:42:31,710 [write:084] WARN : error with cycle 56 errmsg: io.nosqlbench.adapter.http.errors.InvalidStatusCodeException: Server returned status code '400' which did not match ok_status '2..'
2023-09-18 16:42:31,713 [write:033] WARN : error with cycle 77 errmsg: io.nosqlbench.adapter.http.errors.InvalidStatusCodeException: Server returned status code '400' which did not match ok_status '2..'
2023-09-18 16:42:31,713 [write:068] WARN : error with cycle 90 errmsg: io.nosqlbench.adapter.http.errors.InvalidStatusCodeException: Server returned status code '400' which did not match ok_status '2..'
2023-09-18 16:42:31,719 [write:022] WARN : error with cycle 65 errmsg: io.nosqlbench.adapter.http.errors.InvalidStatusCodeException: Server returned status code '400' which did not match ok_status '2..'
2023-09-18 16:42:31,721 [write:045] WARN : error with cycle 38 errmsg: io.nosqlbench.adapter.http.errors.InvalidStatusCodeException: Server returned status code '400' which did not match ok_status '2..'
2023-09-18 16:42:31,721 [write:055] WARN : error with cycle 24 errmsg: io.nosqlbench.adapter.http.errors.InvalidStatusCodeException: Server returned status code '400' which did not match ok_status '2..'
2023-09-18 16:42:31,725 [write:003] WARN : error with cycle 12 errmsg: io.nosqlbench.adapter.http.errors.InvalidStatusCodeException: Server returned status code '400' which did not match ok_status '2..'
2023-09-18 16:42:31,725 [write:059] WARN : error with cycle 19 errmsg: io.nosqlbench.adapter.http.errors.InvalidStatusCodeException: Server returned status code '400' which did not match ok_status '2..'
2023-09-18 16:42:31,741 [write:076] WARN : error with cycle 83 errmsg: io.nosqlbench.adapter.http.errors.InvalidStatusCodeException: Server returned status code '400' which did not match ok_status '2..'
2023-09-18 16:42:31,852 [write:043] WARN : error with cycle 41 errmsg: io.nosqlbench.adapter.http.errors.InvalidStatusCodeException: Server returned status code '400' which did not match ok_status '2..'
2023-09-18 16:42:31,852 [write:095] WARN : error with cycle 79 errmsg: io.nosqlbench.adapter.http.errors.InvalidStatusCodeException: Server returned status code '400' which did not match ok_status '2..'
2023-09-18 16:42:31,852 [write:044] WARN : error with cycle 39 errmsg: io.nosqlbench.adapter.http.errors.InvalidStatusCodeException: Server returned status code '400' which did not match ok_status '2..'
2023-09-18 16:42:31,855 [write:100] WARN : error with cycle 95 errmsg: io.nosqlbench.adapter.http.errors.InvalidStatusCodeException: Server returned status code '400' which did not match ok_status '2..'
2023-09-18 16:42:31,855 [write:038] WARN : error with cycle 48 errmsg: io.nosqlbench.adapter.http.errors.InvalidStatusCodeException: Server returned status code '400' which did not match ok_status '2..'
2023-09-18 16:42:31,856 [write:039] WARN : error with cycle 47 errmsg: io.nosqlbench.adapter.http.errors.InvalidStatusCodeException: Server returned status code '400' which did not match ok_status '2..'
2023-09-18 16:42:31,855 [write:007] WARN : error with cycle 18 errmsg: io.nosqlbench.adapter.http.errors.InvalidStatusCodeException: Server returned status code '400' which did not match ok_status '2..'
2023-09-18 16:42:31,855 [write:020] WARN : error with cycle 67 errmsg: io.nosqlbench.adapter.http.errors.InvalidStatusCodeException: Server returned status code '400' which did not match ok_status '2..'
2023-09-18 16:42:31,855 [write:036] WARN : error with cycle 50 errmsg: io.nosqlbench.adapter.http.errors.InvalidStatusCodeException: Server returned status code '400' which did not match ok_status '2..'
2023-09-18 16:42:31,856 [write:034] WARN : error with cycle 1 errmsg: io.nosqlbench.adapter.http.errors.InvalidStatusCodeException: Server returned status code '400' which did not match ok_status '2..'
2023-09-18 16:42:31,858 [write:008] WARN : error with cycle 8 errmsg: io.nosqlbench.adapter.http.errors.InvalidStatusCodeException: Server returned status code '400' which did not match ok_status '2..'
2023-09-18 16:42:31,858 [write:019] WARN : error with cycle 51 errmsg: io.nosqlbench.adapter.http.errors.InvalidStatusCodeException: Server returned status code '400' which did not match ok_status '2..'
2023-09-18 16:42:31,936 [write:078] WARN : error with cycle 34 errmsg: io.nosqlbench.adapter.http.errors.InvalidStatusCodeException: Server returned status code '400' which did not match ok_status '2..'
2023-09-18 16:42:31,969 [write:017] WARN : error with cycle 108 errmsg: io.nosqlbench.adapter.http.errors.InvalidStatusCodeException: Server returned status code '400' which did not match ok_status '2..'
2023-09-18 16:42:31,969 [write:074] WARN : error with cycle 27 errmsg: io.nosqlbench.adapter.http.errors.InvalidStatusCodeException: Server returned status code '400' which did not match ok_status '2..'
2023-09-18 16:42:31,969 [write:079] WARN : error with cycle 37 errmsg: io.nosqlbench.adapter.http.errors.InvalidStatusCodeException: Server returned status code '400' which did not match ok_status '2..'
2023-09-18 16:42:31,969 [write:098] WARN : error with cycle 85 errmsg: io.nosqlbench.adapter.http.errors.InvalidStatusCodeException: Server returned status code '400' which did not match ok_status '2..'
2023-09-18 16:42:31,970 [write:027] WARN : error with cycle 113 errmsg: io.nosqlbench.adapter.http.errors.InvalidStatusCodeException: Server returned status code '400' which did not match ok_status '2..'
2023-09-18 16:42:31,970 [write:023] WARN : error with cycle 64 errmsg: io.nosqlbench.adapter.http.errors.InvalidStatusCodeException: Server returned status code '400' which did not match ok_status '2..'
2023-09-18 16:42:31,973 [write:014] WARN : error with cycle 109 errmsg: io.nosqlbench.adapter.http.errors.InvalidStatusCodeException: Server returned status code '400' which did not match ok_status '2..'
2023-09-18 16:42:31,980 [write:064] WARN : error with cycle 102 errmsg: io.nosqlbench.adapter.http.errors.InvalidStatusCodeException: Server returned status code '400' which did not match ok_status '2..'
2023-09-18 16:42:31,991 [write:041] WARN : error with cycle 125 errmsg: io.nosqlbench.adapter.http.errors.InvalidStatusCodeException: Server returned status code '400' which did not match ok_status '2..'
2023-09-18 16:42:32,006 [write:083] WARN : error with cycle 75 errmsg: io.nosqlbench.adapter.http.errors.InvalidStatusCodeException: Server returned status code '400' which did not match ok_status '2..'
2023-09-18 16:42:32,006 [write:085] WARN : error with cycle 58 errmsg: io.nosqlbench.adapter.http.errors.InvalidStatusCodeException: Server returned status code '400' which did not match ok_status '2..'
2023-09-18 16:42:32,010 [write:072] WARN : error with cycle 114 errmsg: io.nosqlbench.adapter.http.errors.InvalidStatusCodeException: Server returned status code '400' which did not match ok_status '2..'
2023-09-18 16:42:32,010 [write:029] WARN : error with cycle 55 errmsg: io.nosqlbench.adapter.http.errors.InvalidStatusCodeException: Server returned status code '400' which did not match ok_status '2..'
2023-09-18 16:42:32,010 [write:081] WARN : error with cycle 42 errmsg: io.nosqlbench.adapter.http.errors.InvalidStatusCodeException: Server returned status code '400' which did not match ok_status '2..'
2023-09-18 16:42:32,010 [write:052] WARN : error with cycle 28 errmsg: io.nosqlbench.adapter.http.errors.InvalidStatusCodeException: Server returned status code '400' which did not match ok_status '2..'
2023-09-18 16:42:32,648 [write:067] WARN : error with cycle 91 errmsg: io.nosqlbench.adapter.http.errors.InvalidStatusCodeException: Server returned status code '400' which did not match ok_status '2..'
2023-09-18 16:42:32,648 [write:070] WARN : error with cycle 89 errmsg: io.nosqlbench.adapter.http.errors.InvalidStatusCodeException: Server returned status code '400' which did not match ok_status '2..'
2023-09-18 16:42:32,648 [write:095] WARN : error with cycle 136 errmsg: io.nosqlbench.adapter.http.errors.InvalidStatusCodeException: Server returned status code '400' which did not match ok_status '2..'
2023-09-18 16:42:32,648 [write:084] WARN : error with cycle 126 errmsg: io.nosqlbench.adapter.http.errors.InvalidStatusCodeException: Server returned status code '400' which did not match ok_status '2..'
2023-09-18 16:42:32,648 [write:046] WARN : error with cycle 35 errmsg: io.nosqlbench.adapter.http.errors.InvalidStatusCodeException: Server returned status code '400' which did not match ok_status '2..'
2023-09-18 16:42:32,648 [write:028] WARN : error with cycle 57 errmsg: io.nosqlbench.adapter.http.errors.InvalidStatusCodeException: Server returned status code '400' which did not match ok_status '2..'
2023-09-18 16:42:32,648 [write:048] WARN : error with cycle 3 errmsg: io.nosqlbench.adapter.http.errors.InvalidStatusCodeException: Server returned status code '400' which did not match ok_status '2..'
2023-09-18 16:42:32,648 [write:062] WARN : error with cycle 15 errmsg: io.nosqlbench.adapter.http.errors.InvalidStatusCodeException: Server returned status code '400' which did not match ok_status '2..'
2023-09-18 16:42:32,648 [write:073] WARN : error with cycle 87 errmsg: io.nosqlbench.adapter.http.errors.InvalidStatusCodeException: Server returned status code '400' which did not match ok_status '2..'
2023-09-18 16:42:32,681 [write:003] WARN : error with cycle 132 errmsg: io.nosqlbench.adapter.http.errors.InvalidStatusCodeException: Server returned status code '400' which did not match ok_status '2..'
2023-09-18 16:42:32,681 [write:096] WARN : error with cycle 80 errmsg: io.nosqlbench.adapter.http.errors.InvalidStatusCodeException: Server returned status code '400' which did not match ok_status '2..'
2023-09-18 16:42:32,683 [write:059] WARN : error with cycle 133 errmsg: io.nosqlbench.adapter.http.errors.InvalidStatusCodeException: Server returned status code '400' which did not match ok_status '2..'
2023-09-18 16:42:32,723 [write:021] WARN : error with cycle 70 errmsg: io.nosqlbench.adapter.http.errors.InvalidStatusCodeException: Server returned status code '400' which did not match ok_status '2..'
2023-09-18 16:42:32,732 [write:092] WARN : error with cycle 72 errmsg: io.nosqlbench.adapter.http.errors.InvalidStatusCodeException: Server returned status code '400' which did not match ok_status '2..'
2023-09-18 16:42:32,733 [write:026] WARN : error with cycle 59 errmsg: io.nosqlbench.adapter.http.errors.InvalidStatusCodeException: Server returned status code '400' which did not match ok_status '2..'
2023-09-18 16:42:32,733 [write:086] WARN : error with cycle 60 errmsg: io.nosqlbench.adapter.http.errors.InvalidStatusCodeException: Server returned status code '400' which did not match ok_status '2..'
2023-09-18 16:42:32,743 [write:022] WARN : error with cycle 129 errmsg: io.nosqlbench.adapter.http.errors.InvalidStatusCodeException: Server returned status code '400' which did not match ok_status '2..'
2023-09-18 16:42:32,743 [write:039] WARN : error with cycle 140 errmsg: io.nosqlbench.adapter.http.errors.InvalidStatusCodeException: Server returned status code '400' which did not match ok_status '2..'
2023-09-18 16:42:32,743 [write:016] WARN : error with cycle 118 errmsg: io.nosqlbench.adapter.http.errors.InvalidStatusCodeException: Server returned status code '400' which did not match ok_status '2..'
2023-09-18 16:42:32,743 [write:001] WARN : error with cycle 120 errmsg: io.nosqlbench.adapter.http.errors.InvalidStatusCodeException: Server returned status code '400' which did not match ok_status '2..'
2023-09-18 16:42:32,746 [write:065] WARN : error with cycle 16 errmsg: io.nosqlbench.adapter.http.errors.InvalidStatusCodeException: Server returned status code '400' which did not match ok_status '2..'
2023-09-18 16:42:32,746 [write:072] WARN : error with cycle 159 errmsg: io.nosqlbench.adapter.http.errors.InvalidStatusCodeException: Server returned status code '400' which did not match ok_status '2..'
2023-09-18 16:42:32,746 [write:014] WARN : error with cycle 154 errmsg: io.nosqlbench.adapter.http.errors.InvalidStatusCodeException: Server returned status code '400' which did not match ok_status '2..'
2023-09-18 16:42:32,746 [write:041] WARN : error with cycle 156 errmsg: io.nosqlbench.adapter.http.errors.InvalidStatusCodeException: Server returned status code '400' which did not match ok_status '2..'
2023-09-18 16:42:32,747 [write:051] WARN : error with cycle 2 errmsg: io.nosqlbench.adapter.http.errors.InvalidStatusCodeException: Server returned status code '400' which did not match ok_status '2..'
2023-09-18 16:42:32,757 [write:002] WARN : error with cycle 69 errmsg: io.nosqlbench.adapter.http.errors.InvalidStatusCodeException: Server returned status code '400' which did not match ok_status '2..'
2023-09-18 16:42:32,791 [write:030] WARN : error with cycle 54 errmsg: io.nosqlbench.adapter.http.errors.InvalidStatusCodeException: Server returned status code '400' which did not match ok_status '2..'
2023-09-18 16:42:32,808 [write:020] WARN : error with cycle 141 errmsg: io.nosqlbench.adapter.http.errors.InvalidStatusCodeException: Server returned status code '400' which did not match ok_status '2..'
2023-09-18 16:42:32,808 [write:050] WARN : error with cycle 97 errmsg: io.nosqlbench.adapter.http.errors.InvalidStatusCodeException: Server returned status code '400' which did not match ok_status '2..'
2023-09-18 16:42:32,820 [write:060] WARN : error with cycle 106 errmsg: io.nosqlbench.adapter.http.errors.InvalidStatusCodeException: Server returned status code '400' which did not match ok_status '2..'
2023-09-18 16:42:32,820 [write:063] WARN : error with cycle 13 errmsg: io.nosqlbench.adapter.http.errors.InvalidStatusCodeException: Server returned status code '400' which did not match ok_status '2..'
2023-09-18 16:42:32,820 [write:006] WARN : error with cycle 10 errmsg: io.nosqlbench.adapter.http.errors.InvalidStatusCodeException: Server returned status code '400' which did not match ok_status '2..'
2023-09-18 16:42:32,820 [write:056] WARN : error with cycle 4 errmsg: io.nosqlbench.adapter.http.errors.InvalidStatusCodeException: Server returned status code '400' which did not match ok_status '2..'
2023-09-18 16:42:32,821 [write:008] WARN : error with cycle 145 errmsg: io.nosqlbench.adapter.http.errors.InvalidStatusCodeException: Server returned status code '400' which did not match ok_status '2..'
2023-09-18 16:42:32,821 [write:017] WARN : error with cycle 149 errmsg: io.nosqlbench.adapter.http.errors.InvalidStatusCodeException: Server returned status code '400' which did not match ok_status '2..'
2023-09-18 16:42:32,865 [write:094] WARN : error with cycle 76 errmsg: io.nosqlbench.adapter.http.errors.InvalidStatusCodeException: Server returned status code '400' which did not match ok_status '2..'
2023-09-18 16:42:32,865 [write:077] WARN : error with cycle 31 errmsg: io.nosqlbench.adapter.http.errors.InvalidStatusCodeException: Server returned status code '400' which did not match ok_status '2..'
2023-09-18 16:42:32,886 [write:058] WARN : error with cycle 6 errmsg: io.nosqlbench.adapter.http.errors.InvalidStatusCodeException: Server returned status code '400' which did not match ok_status '2..'
2023-09-18 16:42:32,886 [write:053] WARN : error with cycle 88 errmsg: io.nosqlbench.adapter.http.errors.InvalidStatusCodeException: Server returned status code '400' which did not match ok_status '2..'
2023-09-18 16:42:32,886 [write:013] WARN : error with cycle 116 errmsg: io.nosqlbench.adapter.http.errors.InvalidStatusCodeException: Server returned status code '400' which did not match ok_status '2..'
2023-09-18 16:42:32,886 [write:037] WARN : error with cycle 49 errmsg: io.nosqlbench.adapter.http.errors.InvalidStatusCodeException: Server returned status code '400' which did not match ok_status '2..'
2023-09-18 16:42:32,886 [write:098] WARN : error with cycle 151 errmsg: io.nosqlbench.adapter.http.errors.InvalidStatusCodeException: Server returned status code '400' which did not match ok_status '2..'
2023-09-18 16:42:32,888 [write:040] WARN : error with cycle 45 errmsg: io.nosqlbench.adapter.http.errors.InvalidStatusCodeException: Server returned status code '400' which did not match ok_status '2..'
2023-09-18 16:42:32,888 [write:080] WARN : error with cycle 40 errmsg: io.nosqlbench.adapter.http.errors.InvalidStatusCodeException: Server returned status code '400' which did not match ok_status '2..'
2023-09-18 16:42:32,889 [write:075] WARN : error with cycle 123 errmsg: io.nosqlbench.adapter.http.errors.InvalidStatusCodeException: Server returned status code '400' which did not match ok_status '2..'
2023-09-18 16:42:32,888 [write:067] WARN : error with cycle 163 errmsg: io.nosqlbench.adapter.http.errors.InvalidStatusCodeException: Server returned status code '400' which did not match ok_status '2..'
2023-09-18 16:42:32,888 [write:047] WARN : error with cycle 36 errmsg: io.nosqlbench.adapter.http.errors.InvalidStatusCodeException: Server returned status code '400' which did not match ok_status '2..'
2023-09-18 16:42:32,888 [write:028] WARN : error with cycle 166 errmsg: io.nosqlbench.adapter.http.errors.InvalidStatusCodeException: Server returned status code '400' which did not match ok_status '2..'
2023-09-18 16:42:32,889 [write:011] WARN : error with cycle 111 errmsg: io.nosqlbench.adapter.http.errors.InvalidStatusCodeException: Server returned status code '400' which did not match ok_status '2..'
2023-09-18 16:42:32,889 [write:093] WARN : error with cycle 104 errmsg: io.nosqlbench.adapter.http.errors.InvalidStatusCodeException: Server returned status code '400' which did not match ok_status '2..'
2023-09-18 16:42:32,889 [write:082] WARN : error with cycle 122 errmsg: io.nosqlbench.adapter.http.errors.InvalidStatusCodeException: Server returned status code '400' which did not match ok_status '2..'
2023-09-18 16:42:32,889 [write:025] WARN : error with cycle 110 errmsg: io.nosqlbench.adapter.http.errors.InvalidStatusCodeException: Server returned status code '400' which did not match ok_status '2..'
2023-09-18 16:42:32,930 [write:015] WARN : error with cycle 30 errmsg: io.nosqlbench.adapter.http.errors.InvalidStatusCodeException: Server returned status code '400' which did not match ok_status '2..'
2023-09-18 16:42:32,936 [write:018] WARN : error with cycle 52 errmsg: io.nosqlbench.adapter.http.errors.InvalidStatusCodeException: Server returned status code '400' which did not match ok_status '2..'
2023-09-18 16:42:32,956 [write:062] WARN : error with cycle 170 errmsg: io.nosqlbench.adapter.http.errors.InvalidStatusCodeException: Server returned status code '400' which did not match ok_status '2..'
2023-09-18 16:42:32,958 [write:061] WARN : error with cycle 17 errmsg: io.nosqlbench.adapter.http.errors.InvalidStatusCodeException: Server returned status code '400' which did not match ok_status '2..'
2023-09-18 16:42:33,671 [write:089] WARN : error with cycle 107 errmsg: io.nosqlbench.adapter.http.errors.InvalidStatusCodeException: Server returned status code '400' which did not match ok_status '2..'
2023-09-18 16:42:33,673 [write:078] WARN : error with cycle 147 errmsg: io.nosqlbench.adapter.http.errors.InvalidStatusCodeException: Server returned status code '400' which did not match ok_status '2..'
2023-09-18 16:42:33,673 [write:069] WARN : error with cycle 105 errmsg: io.nosqlbench.adapter.http.errors.InvalidStatusCodeException: Server returned status code '400' which did not match ok_status '2..'
2023-09-18 16:42:33,673 [write:007] WARN : error with cycle 143 errmsg: io.nosqlbench.adapter.http.errors.InvalidStatusCodeException: Server returned status code '400' which did not match ok_status '2..'
2023-09-18 16:42:33,673 [write:045] WARN : error with cycle 130 errmsg: io.nosqlbench.adapter.http.errors.InvalidStatusCodeException: Server returned status code '400' which did not match ok_status '2..'
2023-09-18 16:42:33,674 [write:079] WARN : error with cycle 150 errmsg: io.nosqlbench.adapter.http.errors.InvalidStatusCodeException: Server returned status code '400' which did not match ok_status '2..'
2023-09-18 16:42:33,674 [write:100] WARN : error with cycle 139 errmsg: io.nosqlbench.adapter.http.errors.InvalidStatusCodeException: Server returned status code '400' which did not match ok_status '2..'
2023-09-18 16:42:33,678 [write:012] WARN : error with cycle 101 errmsg: io.nosqlbench.adapter.http.errors.InvalidStatusCodeException: Server returned status code '400' which did not match ok_status '2..'
2023-09-18 16:42:33,678 [write:090] WARN : error with cycle 121 errmsg: io.nosqlbench.adapter.http.errors.InvalidStatusCodeException: Server returned status code '400' which did not match ok_status '2..'
2023-09-18 16:42:33,679 [write:009] WARN : error with cycle 117 errmsg: io.nosqlbench.adapter.http.errors.InvalidStatusCodeException: Server returned status code '400' which did not match ok_status '2..'
2023-09-18 16:42:33,679 [write:019] WARN : error with cycle 146 errmsg: io.nosqlbench.adapter.http.errors.InvalidStatusCodeException: Server returned status code '400' which did not match ok_status '2..'
2023-09-18 16:42:33,679 [write:018] WARN : error with cycle 216 errmsg: io.nosqlbench.adapter.http.errors.InvalidStatusCodeException: Server returned status code '400' which did not match ok_status '2..'
2023-09-18 16:42:33,680 [write:068] WARN : error with cycle 128 errmsg: io.nosqlbench.adapter.http.errors.InvalidStatusCodeException: Server returned status code '400' which did not match ok_status '2..'
2023-09-18 16:42:33,697 [write:028] WARN : error with cycle 208 errmsg: io.nosqlbench.adapter.http.errors.InvalidStatusCodeException: Server returned status code '400' which did not match ok_status '2..'
2023-09-18 16:42:33,710 [write:010] WARN : error with cycle 115 errmsg: io.nosqlbench.adapter.http.errors.InvalidStatusCodeException: Server returned status code '400' which did not match ok_status '2..'
2023-09-18 16:42:33,710 [write:014] WARN : error with cycle 184 errmsg: io.nosqlbench.adapter.http.errors.InvalidStatusCodeException: Server returned status code '400' which did not match ok_status '2..'
2023-09-18 16:42:33,711 [write:058] WARN : error with cycle 200 errmsg: io.nosqlbench.adapter.http.errors.InvalidStatusCodeException: Server returned status code '400' which did not match ok_status '2..'
2023-09-18 16:42:33,711 [write:035] WARN : error with cycle 103 errmsg: io.nosqlbench.adapter.http.errors.InvalidStatusCodeException: Server returned status code '400' which did not match ok_status '2..'
2023-09-18 16:42:33,711 [write:097] WARN : error with cycle 112 errmsg: io.nosqlbench.adapter.http.errors.InvalidStatusCodeException: Server returned status code '400' which did not match ok_status '2..'
2023-09-18 16:42:33,711 [write:033] WARN : error with cycle 127 errmsg: io.nosqlbench.adapter.http.errors.InvalidStatusCodeException: Server returned status code '400' which did not match ok_status '2..'
2023-09-18 16:42:33,712 [write:041] WARN : error with cycle 186 errmsg: io.nosqlbench.adapter.http.errors.InvalidStatusCodeException: Server returned status code '400' which did not match ok_status '2..'
2023-09-18 16:42:33,712 [write:063] WARN : error with cycle 193 errmsg: io.nosqlbench.adapter.http.errors.InvalidStatusCodeException: Server returned status code '400' which did not match ok_status '2..'
2023-09-18 16:42:33,712 [write:039] WARN : error with cycle 180 errmsg: io.nosqlbench.adapter.http.errors.InvalidStatusCodeException: Server returned status code '400' which did not match ok_status '2..'
2023-09-18 16:42:33,713 [write:099] WARN : error with cycle 100 errmsg: io.nosqlbench.adapter.http.errors.InvalidStatusCodeException: Server returned status code '400' which did not match ok_status '2..'
2023-09-18 16:42:33,713 [write:029] WARN : error with cycle 160 errmsg: io.nosqlbench.adapter.http.errors.InvalidStatusCodeException: Server returned status code '400' which did not match ok_status '2..'
2023-09-18 16:42:33,713 [write:062] WARN : error with cycle 217 errmsg: io.nosqlbench.adapter.http.errors.InvalidStatusCodeException: Server returned status code '400' which did not match ok_status '2..'
2023-09-18 16:42:33,715 [write:017] WARN : error with cycle 197 errmsg: io.nosqlbench.adapter.http.errors.InvalidStatusCodeException: Server returned status code '400' which did not match ok_status '2..'
2023-09-18 16:42:33,717 [write:059] WARN : error with cycle 174 errmsg: io.nosqlbench.adapter.http.errors.InvalidStatusCodeException: Server returned status code '400' which did not match ok_status '2..'
2023-09-18 16:42:33,733 [write:096] WARN : error with cycle 173 errmsg: io.nosqlbench.adapter.http.errors.InvalidStatusCodeException: Server returned status code '400' which did not match ok_status '2..'
2023-09-18 16:42:33,767 [write:053] WARN : error with cycle 201 errmsg: io.nosqlbench.adapter.http.errors.InvalidStatusCodeException: Server returned status code '400' which did not match ok_status '2..'
2023-09-18 16:42:33,767 [write:086] WARN : error with cycle 178 errmsg: io.nosqlbench.adapter.http.errors.InvalidStatusCodeException: Server returned status code '400' which did not match ok_status '2..'
2023-09-18 16:42:33,795 [write:073] WARN : error with cycle 171 errmsg: io.nosqlbench.adapter.http.errors.InvalidStatusCodeException: Server returned status code '400' which did not match ok_status '2..'
2023-09-18 16:42:33,796 [write:008] WARN : error with cycle 196 errmsg: io.nosqlbench.adapter.http.errors.InvalidStatusCodeException: Server returned status code '400' which did not match ok_status '2..'
2023-09-18 16:42:33,796 [write:080] WARN : error with cycle 207 errmsg: io.nosqlbench.adapter.http.errors.InvalidStatusCodeException: Server returned status code '400' which did not match ok_status '2..'
2023-09-18 16:42:33,796 [write:052] WARN : error with cycle 162 errmsg: io.nosqlbench.adapter.http.errors.InvalidStatusCodeException: Server returned status code '400' which did not match ok_status '2..'
2023-09-18 16:42:33,796 [write:030] WARN : error with cycle 189 errmsg: io.nosqlbench.adapter.http.errors.InvalidStatusCodeException: Server returned status code '400' which did not match ok_status '2..'
2023-09-18 16:42:33,797 [write:074] WARN : error with cycle 148 errmsg: io.nosqlbench.adapter.http.errors.InvalidStatusCodeException: Server returned status code '400' which did not match ok_status '2..'
2023-09-18 16:42:33,797 [write:011] WARN : error with cycle 210 errmsg: io.nosqlbench.adapter.http.errors.InvalidStatusCodeException: Server returned status code '400' which did not match ok_status '2..'
2023-09-18 16:42:33,798 [write:034] WARN : error with cycle 144 errmsg: io.nosqlbench.adapter.http.errors.InvalidStatusCodeException: Server returned status code '400' which did not match ok_status '2..'
2023-09-18 16:42:33,798 [write:044] WARN : error with cycle 137 errmsg: io.nosqlbench.adapter.http.errors.InvalidStatusCodeException: Server returned status code '400' which did not match ok_status '2..'
2023-09-18 16:42:33,798 [write:038] WARN : error with cycle 138 errmsg: io.nosqlbench.adapter.http.errors.InvalidStatusCodeException: Server returned status code '400' which did not match ok_status '2..'
2023-09-18 16:42:33,829 [write:013] WARN : error with cycle 202 errmsg: io.nosqlbench.adapter.http.errors.InvalidStatusCodeException: Server returned status code '400' which did not match ok_status '2..'
2023-09-18 16:42:33,838 [write:088] WARN : error with cycle 71 errmsg: io.nosqlbench.adapter.http.errors.InvalidStatusCodeException: Server returned status code '400' which did not match ok_status '2..'
2023-09-18 16:42:33,838 [write:087] WARN : error with cycle 62 errmsg: io.nosqlbench.adapter.http.errors.InvalidStatusCodeException: Server returned status code '400' which did not match ok_status '2..'
2023-09-18 16:42:33,838 [write:024] WARN : error with cycle 63 errmsg: io.nosqlbench.adapter.http.errors.InvalidStatusCodeException: Server returned status code '400' which did not match ok_status '2..'
2023-09-18 16:42:33,838 [write:032] WARN : error with cycle 53 errmsg: io.nosqlbench.adapter.http.errors.InvalidStatusCodeException: Server returned status code '400' which did not match ok_status '2..'
2023-09-18 16:42:33,838 [write:049] WARN : error with cycle 33 errmsg: io.nosqlbench.adapter.http.errors.InvalidStatusCodeException: Server returned status code '400' which did not match ok_status '2..'
2023-09-18 16:42:33,838 [write:091] WARN : error with cycle 99 errmsg: io.nosqlbench.adapter.http.errors.InvalidStatusCodeException: Server returned status code '400' which did not match ok_status '2..'
2023-09-18 16:42:33,838 [write:004] WARN : error with cycle 94 errmsg: io.nosqlbench.adapter.http.errors.InvalidStatusCodeException: Server returned status code '400' which did not match ok_status '2..'
2023-09-18 16:42:33,838 [write:057] WARN : error with cycle 20 errmsg: io.nosqlbench.adapter.http.errors.InvalidStatusCodeException: Server returned status code '400' which did not match ok_status '2..'
2023-09-18 16:42:33,862 [write:095] WARN : error with cycle 164 errmsg: io.nosqlbench.adapter.http.errors.InvalidStatusCodeException: Server returned status code '400' which did not match ok_status '2..'
2023-09-18 16:42:33,886 [write:071] WARN : error with cycle 23 errmsg: io.nosqlbench.adapter.http.errors.InvalidStatusCodeException: Server returned status code '400' which did not match ok_status '2..'
2023-09-18 16:42:33,886 [write:054] WARN : error with cycle 25 errmsg: io.nosqlbench.adapter.http.errors.InvalidStatusCodeException: Server returned status code '400' which did not match ok_status '2..'
2023-09-18 16:42:33,887 [write:003] WARN : error with cycle 172 errmsg: io.nosqlbench.adapter.http.errors.InvalidStatusCodeException: Server returned status code '400' which did not match ok_status '2..'
2023-09-18 16:42:33,887 [write:023] WARN : error with cycle 153 errmsg: io.nosqlbench.adapter.http.errors.InvalidStatusCodeException: Server returned status code '400' which did not match ok_status '2..'
2023-09-18 16:42:33,887 [write:056] WARN : error with cycle 195 errmsg: io.nosqlbench.adapter.http.errors.InvalidStatusCodeException: Server returned status code '400' which did not match ok_status '2..'
2023-09-18 16:42:33,887 [write:064] WARN : error with cycle 155 errmsg: io.nosqlbench.adapter.http.errors.InvalidStatusCodeException: Server returned status code '400' which did not match ok_status '2..'
2023-09-18 16:42:33,887 [write:055] WARN : error with cycle 131 errmsg: io.nosqlbench.adapter.http.errors.InvalidStatusCodeException: Server returned status code '400' which did not match ok_status '2..'
2023-09-18 16:42:33,887 [write:081] WARN : error with cycle 161 errmsg: io.nosqlbench.adapter.http.errors.InvalidStatusCodeException: Server returned status code '400' which did not match ok_status '2..'
2023-09-18 16:42:33,888 [write:005] WARN : error with cycle 124 errmsg: io.nosqlbench.adapter.http.errors.InvalidStatusCodeException: Server returned status code '400' which did not match ok_status '2..'
2023-09-18 16:42:33,897 [write:076] WARN : error with cycle 134 errmsg: io.nosqlbench.adapter.http.errors.InvalidStatusCodeException: Server returned status code '400' which did not match ok_status '2..'
2023-09-18 16:42:33,897 [write:036] WARN : error with cycle 142 errmsg: io.nosqlbench.adapter.http.errors.InvalidStatusCodeException: Server returned status code '400' which did not match ok_status '2..'
2023-09-18 16:42:33,897 [write:031] WARN : error with cycle 74 errmsg: io.nosqlbench.adapter.http.errors.InvalidStatusCodeException: Server returned status code '400' which did not match ok_status '2..'
2023-09-18 16:42:33,899 [write:016] WARN : error with cycle 181 errmsg: io.nosqlbench.adapter.http.errors.InvalidStatusCodeException: Server returned status code '400' which did not match ok_status '2..'
2023-09-18 16:42:33,900 [write:046] WARN : error with cycle 169 errmsg: io.nosqlbench.adapter.http.errors.InvalidStatusCodeException: Server returned status code '400' which did not match ok_status '2..'
2023-09-18 16:42:34,717 [write:070] WARN : error with cycle 167 errmsg: io.nosqlbench.adapter.http.errors.InvalidStatusCodeException: Server returned status code '400' which did not match ok_status '2..'
2023-09-18 16:42:34,717 [write:010] WARN : error with cycle 233 errmsg: io.nosqlbench.adapter.http.errors.InvalidStatusCodeException: Server returned status code '400' which did not match ok_status '2..'
2023-09-18 16:42:34,717 [write:066] WARN : error with cycle 119 errmsg: io.nosqlbench.adapter.http.errors.InvalidStatusCodeException: Server returned status code '400' which did not match ok_status '2..'
2023-09-18 16:42:34,717 [write:083] WARN : error with cycle 157 errmsg: io.nosqlbench.adapter.http.errors.InvalidStatusCodeException: Server returned status code '400' which did not match ok_status '2..'
2023-09-18 16:42:34,720 [write:090] WARN : error with cycle 227 errmsg: io.nosqlbench.adapter.http.errors.InvalidStatusCodeException: Server returned status code '400' which did not match ok_status '2..'
2023-09-18 16:42:34,720 [write:019] WARN : error with cycle 229 errmsg: io.nosqlbench.adapter.http.errors.InvalidStatusCodeException: Server returned status code '400' which did not match ok_status '2..'
2023-09-18 16:42:34,720 [write:045] WARN : error with cycle 222 errmsg: io.nosqlbench.adapter.http.errors.InvalidStatusCodeException: Server returned status code '400' which did not match ok_status '2..'
2023-09-18 16:42:34,720 [write:068] WARN : error with cycle 231 errmsg: io.nosqlbench.adapter.http.errors.InvalidStatusCodeException: Server returned status code '400' which did not match ok_status '2..'
2023-09-18 16:42:34,720 [write:065] WARN : error with cycle 185 errmsg: io.nosqlbench.adapter.http.errors.InvalidStatusCodeException: Server returned status code '400' which did not match ok_status '2..'
2023-09-18 16:42:34,720 [write:079] WARN : error with cycle 224 errmsg: io.nosqlbench.adapter.http.errors.InvalidStatusCodeException: Server returned status code '400' which did not match ok_status '2..'
2023-09-18 16:42:34,720 [write:026] WARN : error with cycle 177 errmsg: io.nosqlbench.adapter.http.errors.InvalidStatusCodeException: Server returned status code '400' which did not match ok_status '2..'
2023-09-18 16:42:34,720 [write:098] WARN : error with cycle 204 errmsg: io.nosqlbench.adapter.http.errors.InvalidStatusCodeException: Server returned status code '400' which did not match ok_status '2..'
2023-09-18 16:42:34,721 [write:033] WARN : error with cycle 238 errmsg: io.nosqlbench.adapter.http.errors.InvalidStatusCodeException: Server returned status code '400' which did not match ok_status '2..'
2023-09-18 16:42:34,721 [write:069] WARN : error with cycle 223 errmsg: io.nosqlbench.adapter.http.errors.InvalidStatusCodeException: Server returned status code '400' which did not match ok_status '2..'
2023-09-18 16:42:34,721 [write:050] WARN : error with cycle 191 errmsg: io.nosqlbench.adapter.http.errors.InvalidStatusCodeException: Server returned status code '400' which did not match ok_status '2..'
2023-09-18 16:42:34,721 [write:001] WARN : error with cycle 182 errmsg: io.nosqlbench.adapter.http.errors.InvalidStatusCodeException: Server returned status code '400' which did not match ok_status '2..'
2023-09-18 16:42:34,721 [write:051] WARN : error with cycle 187 errmsg: io.nosqlbench.adapter.http.errors.InvalidStatusCodeException: Server returned status code '400' which did not match ok_status '2..'
2023-09-18 16:42:34,725 [write:077] WARN : error with cycle 199 errmsg: io.nosqlbench.adapter.http.errors.InvalidStatusCodeException: Server returned status code '400' which did not match ok_status '2..'
2023-09-18 16:42:34,725 [write:037] WARN : error with cycle 203 errmsg: io.nosqlbench.adapter.http.errors.InvalidStatusCodeException: Server returned status code '400' which did not match ok_status '2..'
2023-09-18 16:42:34,726 [write:043] WARN : error with cycle 135 errmsg: io.nosqlbench.adapter.http.errors.InvalidStatusCodeException: Server returned status code '400' which did not match ok_status '2..'
2023-09-18 16:42:34,726 [write:002] WARN : error with cycle 188 errmsg: io.nosqlbench.adapter.http.errors.InvalidStatusCodeException: Server returned status code '400' which did not match ok_status '2..'
2023-09-18 16:42:34,726 [write:028] WARN : error with cycle 232 errmsg: io.nosqlbench.adapter.http.errors.InvalidStatusCodeException: Server returned status code '400' which did not match ok_status '2..'
2023-09-18 16:42:34,726 [write:027] WARN : error with cycle 152 errmsg: io.nosqlbench.adapter.http.errors.InvalidStatusCodeException: Server returned status code '400' which did not match ok_status '2..'
2023-09-18 16:42:34,727 [write:085] WARN : error with cycle 158 errmsg: io.nosqlbench.adapter.http.errors.InvalidStatusCodeException: Server returned status code '400' which did not match ok_status '2..'
2023-09-18 16:42:34,726 [write:042] WARN : error with cycle 43 errmsg: io.nosqlbench.adapter.http.errors.InvalidStatusCodeException: Server returned status code '400' which did not match ok_status '2..'
2023-09-18 16:42:34,726 [write:048] WARN : error with cycle 168 errmsg: io.nosqlbench.adapter.http.errors.InvalidStatusCodeException: Server returned status code '400' which did not match ok_status '2..'
2023-09-18 16:42:34,727 [write:040] WARN : error with cycle 205 errmsg: io.nosqlbench.adapter.http.errors.InvalidStatusCodeException: Server returned status code '400' which did not match ok_status '2..'
2023-09-18 16:42:34,727 [write:014] WARN : error with cycle 234 errmsg: io.nosqlbench.adapter.http.errors.InvalidStatusCodeException: Server returned status code '400' which did not match ok_status '2..'
2023-09-18 16:42:34,752 [write:084] WARN : error with cycle 165 errmsg: io.nosqlbench.adapter.http.errors.InvalidStatusCodeException: Server returned status code '400' which did not match ok_status '2..'
2023-09-18 16:42:34,752 [write:087] WARN : error with cycle 276 errmsg: io.nosqlbench.adapter.http.errors.InvalidStatusCodeException: Server returned status code '400' which did not match ok_status '2..'
2023-09-18 16:42:34,752 [write:071] WARN : error with cycle 281 errmsg: io.nosqlbench.adapter.http.errors.InvalidStatusCodeException: Server returned status code '400' which did not match ok_status '2..'
2023-09-18 16:42:34,753 [write:041] WARN : error with cycle 239 errmsg: io.nosqlbench.adapter.http.errors.InvalidStatusCodeException: Server returned status code '400' which did not match ok_status '2..'
2023-09-18 16:42:34,753 [write:035] WARN : error with cycle 236 errmsg: io.nosqlbench.adapter.http.errors.InvalidStatusCodeException: Server returned status code '400' which did not match ok_status '2..'
2023-09-18 16:42:34,753 [write:086] WARN : error with cycle 249 errmsg: io.nosqlbench.adapter.http.errors.InvalidStatusCodeException: Server returned status code '400' which did not match ok_status '2..'
2023-09-18 16:42:34,753 [write:057] WARN : error with cycle 277 errmsg: io.nosqlbench.adapter.http.errors.InvalidStatusCodeException: Server returned status code '400' which did not match ok_status '2..'
2023-09-18 16:42:34,753 [write:017] WARN : error with cycle 245 errmsg: io.nosqlbench.adapter.http.errors.InvalidStatusCodeException: Server returned status code '400' which did not match ok_status '2..'
2023-09-18 16:42:34,753 [write:023] WARN : error with cycle 263 errmsg: io.nosqlbench.adapter.http.errors.InvalidStatusCodeException: Server returned status code '400' which did not match ok_status '2..'
2023-09-18 16:42:34,754 [write:095] WARN : error with cycle 261 errmsg: io.nosqlbench.adapter.http.errors.InvalidStatusCodeException: Server returned status code '400' which did not match ok_status '2..'
2023-09-18 16:42:34,754 [write:093] WARN : error with cycle 212 errmsg: io.nosqlbench.adapter.http.errors.InvalidStatusCodeException: Server returned status code '400' which did not match ok_status '2..'
2023-09-18 16:42:34,754 [write:053] WARN : error with cycle 248 errmsg: io.nosqlbench.adapter.http.errors.InvalidStatusCodeException: Server returned status code '400' which did not match ok_status '2..'
2023-09-18 16:42:34,754 [write:072] WARN : error with cycle 183 errmsg: io.nosqlbench.adapter.http.errors.InvalidStatusCodeException: Server returned status code '400' which did not match ok_status '2..'
2023-09-18 16:42:34,754 [write:067] WARN : error with cycle 211 errmsg: io.nosqlbench.adapter.http.errors.InvalidStatusCodeException: Server returned status code '400' which did not match ok_status '2..'
2023-09-18 16:42:34,754 [write:032] WARN : error with cycle 275 errmsg: io.nosqlbench.adapter.http.errors.InvalidStatusCodeException: Server returned status code '400' which did not match ok_status '2..'
2023-09-18 16:42:34,754 [write:022] WARN : error with cycle 179 errmsg: io.nosqlbench.adapter.http.errors.InvalidStatusCodeException: Server returned status code '400' which did not match ok_status '2..'
2023-09-18 16:42:34,754 [write:012] WARN : error with cycle 226 errmsg: io.nosqlbench.adapter.http.errors.InvalidStatusCodeException: Server returned status code '400' which did not match ok_status '2..'
2023-09-18 16:42:34,754 [write:047] WARN : error with cycle 209 errmsg: io.nosqlbench.adapter.http.errors.InvalidStatusCodeException: Server returned status code '400' which did not match ok_status '2..'
2023-09-18 16:42:34,813 [write:096] WARN : error with cycle 247 errmsg: io.nosqlbench.adapter.http.errors.InvalidStatusCodeException: Server returned status code '400' which did not match ok_status '2..'
2023-09-18 16:42:34,813 [write:062] WARN : error with cycle 244 errmsg: io.nosqlbench.adapter.http.errors.InvalidStatusCodeException: Server returned status code '400' which did not match ok_status '2..'
2023-09-18 16:42:34,813 [write:055] WARN : error with cycle 266 errmsg: io.nosqlbench.adapter.http.errors.InvalidStatusCodeException: Server returned status code '400' which did not match ok_status '2..'
2023-09-18 16:42:34,813 [write:080] WARN : error with cycle 252 errmsg: io.nosqlbench.adapter.http.errors.InvalidStatusCodeException: Server returned status code '400' which did not match ok_status '2..'
2023-09-18 16:42:34,813 [write:039] WARN : error with cycle 241 errmsg: io.nosqlbench.adapter.http.errors.InvalidStatusCodeException: Server returned status code '400' which did not match ok_status '2..'
2023-09-18 16:42:34,813 [write:029] WARN : error with cycle 243 errmsg: io.nosqlbench.adapter.http.errors.InvalidStatusCodeException: Server returned status code '400' which did not match ok_status '2..'
2023-09-18 16:42:34,814 [write:021] WARN : error with cycle 175 errmsg: io.nosqlbench.adapter.http.errors.InvalidStatusCodeException: Server returned status code '400' which did not match ok_status '2..'
2023-09-18 16:42:34,814 [write:076] WARN : error with cycle 269 errmsg: io.nosqlbench.adapter.http.errors.InvalidStatusCodeException: Server returned status code '400' which did not match ok_status '2..'
2023-09-18 16:42:34,816 [write:059] WARN : error with cycle 246 errmsg: io.nosqlbench.adapter.http.errors.InvalidStatusCodeException: Server returned status code '400' which did not match ok_status '2..'
2023-09-18 16:42:34,816 [write:030] WARN : error with cycle 253 errmsg: io.nosqlbench.adapter.http.errors.InvalidStatusCodeException: Server returned status code '400' which did not match ok_status '2..'
2023-09-18 16:42:34,816 [write:073] WARN : error with cycle 250 errmsg: io.nosqlbench.adapter.http.errors.InvalidStatusCodeException: Server returned status code '400' which did not match ok_status '2..'
2023-09-18 16:42:34,816 [write:078] WARN : error with cycle 220 errmsg: io.nosqlbench.adapter.http.errors.InvalidStatusCodeException: Server returned status code '400' which did not match ok_status '2..'
2023-09-18 16:42:34,816 [write:020] WARN : error with cycle 190 errmsg: io.nosqlbench.adapter.http.errors.InvalidStatusCodeException: Server returned status code '400' which did not match ok_status '2..'
2023-09-18 16:42:34,816 [write:094] WARN : error with cycle 198 errmsg: io.nosqlbench.adapter.http.errors.InvalidStatusCodeException: Server returned status code '400' which did not match ok_status '2..'
2023-09-18 16:42:34,819 [write:089] WARN : error with cycle 219 errmsg: io.nosqlbench.adapter.http.errors.InvalidStatusCodeException: Server returned status code '400' which did not match ok_status '2..'
2023-09-18 16:42:34,819 [write:100] WARN : error with cycle 225 errmsg: io.nosqlbench.adapter.http.errors.InvalidStatusCodeException: Server returned status code '400' which did not match ok_status '2..'
2023-09-18 16:42:34,819 [write:063] WARN : error with cycle 240 errmsg: io.nosqlbench.adapter.http.errors.InvalidStatusCodeException: Server returned status code '400' which did not match ok_status '2..'
2023-09-18 16:42:34,819 [write:044] WARN : error with cycle 258 errmsg: io.nosqlbench.adapter.http.errors.InvalidStatusCodeException: Server returned status code '400' which did not match ok_status '2..'
2023-09-18 16:42:34,819 [write:092] WARN : error with cycle 176 errmsg: io.nosqlbench.adapter.http.errors.InvalidStatusCodeException: Server returned status code '400' which did not match ok_status '2..'
2023-09-18 16:42:34,819 [write:058] WARN : error with cycle 235 errmsg: io.nosqlbench.adapter.http.errors.InvalidStatusCodeException: Server returned status code '400' which did not match ok_status '2..'
2023-09-18 16:42:34,819 [write:006] WARN : error with cycle 194 errmsg: io.nosqlbench.adapter.http.errors.InvalidStatusCodeException: Server returned status code '400' which did not match ok_status '2..'
2023-09-18 16:42:34,819 [write:015] WARN : error with cycle 215 errmsg: io.nosqlbench.adapter.http.errors.InvalidStatusCodeException: Server returned status code '400' which did not match ok_status '2..'
2023-09-18 16:42:34,819 [write:054] WARN : error with cycle 282 errmsg: io.nosqlbench.adapter.http.errors.InvalidStatusCodeException: Server returned status code '400' which did not match ok_status '2..'
2023-09-18 16:42:34,819 [write:016] WARN : error with cycle 271 errmsg: io.nosqlbench.adapter.http.errors.InvalidStatusCodeException: Server returned status code '400' which did not match ok_status '2..'
2023-09-18 16:42:34,821 [write:013] WARN : error with cycle 260 errmsg: io.nosqlbench.adapter.http.errors.InvalidStatusCodeException: Server returned status code '400' which did not match ok_status '2..'
2023-09-18 16:42:34,821 [write:025] WARN : error with cycle 214 errmsg: io.nosqlbench.adapter.http.errors.InvalidStatusCodeException: Server returned status code '400' which did not match ok_status '2..'
2023-09-18 16:42:35,645 [write:038] WARN : error with cycle 257 errmsg: io.nosqlbench.adapter.http.errors.InvalidStatusCodeException: Server returned status code '400' which did not match ok_status '2..'
2023-09-18 16:42:35,696 [write:075] WARN : error with cycle 206 errmsg: io.nosqlbench.adapter.http.errors.InvalidStatusCodeException: Server returned status code '400' which did not match ok_status '2..'
2023-09-18 16:42:35,696 [write:099] WARN : error with cycle 242 errmsg: io.nosqlbench.adapter.http.errors.InvalidStatusCodeException: Server returned status code '400' which did not match ok_status '2..'
2023-09-18 16:42:35,696 [write:100] WARN : error with cycle 345 errmsg: io.nosqlbench.adapter.http.errors.InvalidStatusCodeException: Server returned status code '400' which did not match ok_status '2..'
2023-09-18 16:42:35,764 [write:060] WARN : error with cycle 192 errmsg: io.nosqlbench.adapter.http.errors.InvalidStatusCodeException: Server returned status code '400' which did not match ok_status '2..'
2023-09-18 16:42:35,764 [write:008] WARN : error with cycle 251 errmsg: io.nosqlbench.adapter.http.errors.InvalidStatusCodeException: Server returned status code '400' which did not match ok_status '2..'
2023-09-18 16:42:35,775 [write:046] WARN : error with cycle 272 errmsg: io.nosqlbench.adapter.http.errors.InvalidStatusCodeException: Server returned status code '400' which did not match ok_status '2..'
2023-09-18 16:42:35,943 [write:074] WARN : error with cycle 255 errmsg: io.nosqlbench.adapter.http.errors.InvalidStatusCodeException: Server returned status code '400' which did not match ok_status '2..'
2023-09-18 16:42:36,017 [write:082] WARN : error with cycle 213 errmsg: io.nosqlbench.adapter.http.errors.InvalidStatusCodeException: Server returned status code '400' which did not match ok_status '2..'
2023-09-18 16:42:36,017 [write:058] WARN : error with cycle 349 errmsg: io.nosqlbench.adapter.http.errors.InvalidStatusCodeException: Server returned status code '400' which did not match ok_status '2..'
2023-09-18 16:42:36,017 [write:053] WARN : error with cycle 323 errmsg: io.nosqlbench.adapter.http.errors.InvalidStatusCodeException: Server returned status code '400' which did not match ok_status '2..'
2023-09-18 16:42:36,017 [write:069] WARN : error with cycle 297 errmsg: io.nosqlbench.adapter.http.errors.InvalidStatusCodeException: Server returned status code '400' which did not match ok_status '2..'
2023-09-18 16:42:36,017 [write:064] WARN : error with cycle 265 errmsg: io.nosqlbench.adapter.http.errors.InvalidStatusCodeException: Server returned status code '400' which did not match ok_status '2..'
2023-09-18 16:42:36,017 [write:028] WARN : error with cycle 305 errmsg: io.nosqlbench.adapter.http.errors.InvalidStatusCodeException: Server returned status code '400' which did not match ok_status '2..'
2023-09-18 16:42:36,020 [write:034] WARN : error with cycle 256 errmsg: io.nosqlbench.adapter.http.errors.InvalidStatusCodeException: Server returned status code '400' which did not match ok_status '2..'
2023-09-18 16:42:36,020 [write:027] WARN : error with cycle 306 errmsg: io.nosqlbench.adapter.http.errors.InvalidStatusCodeException: Server returned status code '400' which did not match ok_status '2..'
2023-09-18 16:42:36,020 [write:084] WARN : error with cycle 312 errmsg: io.nosqlbench.adapter.http.errors.InvalidStatusCodeException: Server returned status code '400' which did not match ok_status '2..'
2023-09-18 16:42:36,045 [write:062] WARN : error with cycle 331 errmsg: io.nosqlbench.adapter.http.errors.InvalidStatusCodeException: Server returned status code '400' which did not match ok_status '2..'
2023-09-18 16:42:36,059 [write:052] WARN : error with cycle 254 errmsg: io.nosqlbench.adapter.http.errors.InvalidStatusCodeException: Server returned status code '400' which did not match ok_status '2..'
2023-09-18 16:42:36,059 [write:011] WARN : error with cycle 259 errmsg: io.nosqlbench.adapter.http.errors.InvalidStatusCodeException: Server returned status code '400' which did not match ok_status '2..'
2023-09-18 16:42:36,059 [write:097] WARN : error with cycle 237 errmsg: io.nosqlbench.adapter.http.errors.InvalidStatusCodeException: Server returned status code '400' which did not match ok_status '2..'
2023-09-18 16:42:36,059 [write:061] WARN : error with cycle 218 errmsg: io.nosqlbench.adapter.http.errors.InvalidStatusCodeException: Server returned status code '400' which did not match ok_status '2..'
2023-09-18 16:42:36,059 [write:039] WARN : error with cycle 334 errmsg: io.nosqlbench.adapter.http.errors.InvalidStatusCodeException: Server returned status code '400' which did not match ok_status '2..'
2023-09-18 16:42:36,059 [write:024] WARN : error with cycle 274 errmsg: io.nosqlbench.adapter.http.errors.InvalidStatusCodeException: Server returned status code '400' which did not match ok_status '2..'
2023-09-18 16:42:36,061 [write:088] WARN : error with cycle 273 errmsg: io.nosqlbench.adapter.http.errors.InvalidStatusCodeException: Server returned status code '400' which did not match ok_status '2..'
2023-09-18 16:42:36,061 [write:045] WARN : error with cycle 290 errmsg: io.nosqlbench.adapter.http.errors.InvalidStatusCodeException: Server returned status code '400' which did not match ok_status '2..'
2023-09-18 16:42:36,061 [write:030] WARN : error with cycle 339 errmsg: io.nosqlbench.adapter.http.errors.InvalidStatusCodeException: Server returned status code '400' which did not match ok_status '2..'
2023-09-18 16:42:36,065 [write:002] WARN : error with cycle 304 errmsg: io.nosqlbench.adapter.http.errors.InvalidStatusCodeException: Server returned status code '400' which did not match ok_status '2..'
2023-09-18 16:42:36,083 [write:018] WARN : error with cycle 230 errmsg: io.nosqlbench.adapter.http.errors.InvalidStatusCodeException: Server returned status code '400' which did not match ok_status '2..'
2023-09-18 16:42:36,083 [write:050] WARN : error with cycle 298 errmsg: io.nosqlbench.adapter.http.errors.InvalidStatusCodeException: Server returned status code '400' which did not match ok_status '2..'
2023-09-18 16:42:36,084 [write:009] WARN : error with cycle 228 errmsg: io.nosqlbench.adapter.http.errors.InvalidStatusCodeException: Server returned status code '400' which did not match ok_status '2..'
2023-09-18 16:42:36,084 [write:056] WARN : error with cycle 264 errmsg: io.nosqlbench.adapter.http.errors.InvalidStatusCodeException: Server returned status code '400' which did not match ok_status '2..'
2023-09-18 16:42:36,083 [write:020] WARN : error with cycle 342 errmsg: io.nosqlbench.adapter.http.errors.InvalidStatusCodeException: Server returned status code '400' which did not match ok_status '2..'
2023-09-18 16:42:36,084 [write:090] WARN : error with cycle 288 errmsg: io.nosqlbench.adapter.http.errors.InvalidStatusCodeException: Server returned status code '400' which did not match ok_status '2..'
2023-09-18 16:42:36,084 [write:065] WARN : error with cycle 292 errmsg: io.nosqlbench.adapter.http.errors.InvalidStatusCodeException: Server returned status code '400' which did not match ok_status '2..'
2023-09-18 16:42:36,084 [write:051] WARN : error with cycle 300 errmsg: io.nosqlbench.adapter.http.errors.InvalidStatusCodeException: Server returned status code '400' which did not match ok_status '2..'
2023-09-18 16:42:36,097 [write:031] WARN : error with cycle 283 errmsg: io.nosqlbench.adapter.http.errors.InvalidStatusCodeException: Server returned status code '400' which did not match ok_status '2..'
2023-09-18 16:42:36,097 [write:081] WARN : error with cycle 268 errmsg: io.nosqlbench.adapter.http.errors.InvalidStatusCodeException: Server returned status code '400' which did not match ok_status '2..'
2023-09-18 16:42:36,097 [write:007] WARN : error with cycle 221 errmsg: io.nosqlbench.adapter.http.errors.InvalidStatusCodeException: Server returned status code '400' which did not match ok_status '2..'
2023-09-18 16:42:36,097 [write:005] WARN : error with cycle 267 errmsg: io.nosqlbench.adapter.http.errors.InvalidStatusCodeException: Server returned status code '400' which did not match ok_status '2..'
2023-09-18 16:42:36,097 [write:041] WARN : error with cycle 315 errmsg: io.nosqlbench.adapter.http.errors.InvalidStatusCodeException: Server returned status code '400' which did not match ok_status '2..'
2023-09-18 16:42:36,097 [write:077] WARN : error with cycle 301 errmsg: io.nosqlbench.adapter.http.errors.InvalidStatusCodeException: Server returned status code '400' which did not match ok_status '2..'
2023-09-18 16:42:36,146 [write:035] WARN : error with cycle 316 errmsg: io.nosqlbench.adapter.http.errors.InvalidStatusCodeException: Server returned status code '400' which did not match ok_status '2..'
2023-09-18 16:42:36,146 [write:067] WARN : error with cycle 325 errmsg: io.nosqlbench.adapter.http.errors.InvalidStatusCodeException: Server returned status code '400' which did not match ok_status '2..'
2023-09-18 16:42:36,146 [write:010] WARN : error with cycle 285 errmsg: io.nosqlbench.adapter.http.errors.InvalidStatusCodeException: Server returned status code '400' which did not match ok_status '2..'
2023-09-18 16:42:36,146 [write:086] WARN : error with cycle 317 errmsg: io.nosqlbench.adapter.http.errors.InvalidStatusCodeException: Server returned status code '400' which did not match ok_status '2..'
2023-09-18 16:42:36,148 [write:004] WARN : error with cycle 280 errmsg: io.nosqlbench.adapter.http.errors.InvalidStatusCodeException: Server returned status code '400' which did not match ok_status '2..'
2023-09-18 16:42:36,167 [write:095] WARN : error with cycle 321 errmsg: io.nosqlbench.adapter.http.errors.InvalidStatusCodeException: Server returned status code '400' which did not match ok_status '2..'
2023-09-18 16:42:36,167 [write:042] WARN : error with cycle 308 errmsg: io.nosqlbench.adapter.http.errors.InvalidStatusCodeException: Server returned status code '400' which did not match ok_status '2..'
2023-09-18 16:42:36,167 [write:047] WARN : error with cycle 329 errmsg: io.nosqlbench.adapter.http.errors.InvalidStatusCodeException: Server returned status code '400' which did not match ok_status '2..'
2023-09-18 16:42:36,170 [write:029] WARN : error with cycle 335 errmsg: io.nosqlbench.adapter.http.errors.InvalidStatusCodeException: Server returned status code '400' which did not match ok_status '2..'
2023-09-18 16:42:36,170 [write:068] WARN : error with cycle 291 errmsg: io.nosqlbench.adapter.http.errors.InvalidStatusCodeException: Server returned status code '400' which did not match ok_status '2..'
2023-09-18 16:42:36,172 [write:019] WARN : error with cycle 289 errmsg: io.nosqlbench.adapter.http.errors.InvalidStatusCodeException: Server returned status code '400' which did not match ok_status '2..'
2023-09-18 16:42:36,172 [write:040] WARN : error with cycle 310 errmsg: io.nosqlbench.adapter.http.errors.InvalidStatusCodeException: Server returned status code '400' which did not match ok_status '2..'
2023-09-18 16:42:36,174 [write:049] WARN : error with cycle 278 errmsg: io.nosqlbench.adapter.http.errors.InvalidStatusCodeException: Server returned status code '400' which did not match ok_status '2..'
2023-09-18 16:42:36,174 [write:091] WARN : error with cycle 279 errmsg: io.nosqlbench.adapter.http.errors.InvalidStatusCodeException: Server returned status code '400' which did not match ok_status '2..'
2023-09-18 16:42:36,182 [write:036] WARN : error with cycle 270 errmsg: io.nosqlbench.adapter.http.errors.InvalidStatusCodeException: Server returned status code '400' which did not match ok_status '2..'
2023-09-18 16:42:36,182 [write:072] WARN : error with cycle 324 errmsg: io.nosqlbench.adapter.http.errors.InvalidStatusCodeException: Server returned status code '400' which did not match ok_status '2..'
2023-09-18 16:42:36,182 [write:003] WARN : error with cycle 262 errmsg: io.nosqlbench.adapter.http.errors.InvalidStatusCodeException: Server returned status code '400' which did not match ok_status '2..'
2023-09-18 16:42:36,182 [write:073] WARN : error with cycle 340 errmsg: io.nosqlbench.adapter.http.errors.InvalidStatusCodeException: Server returned status code '400' which did not match ok_status '2..'
2023-09-18 16:42:36,182 [write:087] WARN : error with cycle 313 errmsg: io.nosqlbench.adapter.http.errors.InvalidStatusCodeException: Server returned status code '400' which did not match ok_status '2..'
2023-09-18 16:42:36,182 [write:070] WARN : error with cycle 284 errmsg: io.nosqlbench.adapter.http.errors.InvalidStatusCodeException: Server returned status code '400' which did not match ok_status '2..'
2023-09-18 16:42:36,182 [write:066] WARN : error with cycle 286 errmsg: io.nosqlbench.adapter.http.errors.InvalidStatusCodeException: Server returned status code '400' which did not match ok_status '2..'
2023-09-18 16:42:36,182 [write:015] WARN : error with cycle 351 errmsg: io.nosqlbench.adapter.http.errors.InvalidStatusCodeException: Server returned status code '400' which did not match ok_status '2..'
2023-09-18 16:42:36,184 [write:071] WARN : error with cycle 314 errmsg: io.nosqlbench.adapter.http.errors.InvalidStatusCodeException: Server returned status code '400' which did not match ok_status '2..'
2023-09-18 16:42:36,184 [write:014] WARN : error with cycle 311 errmsg: io.nosqlbench.adapter.http.errors.InvalidStatusCodeException: Server returned status code '400' which did not match ok_status '2..'
2023-09-18 16:42:36,189 [write:023] WARN : error with cycle 320 errmsg: io.nosqlbench.adapter.http.errors.InvalidStatusCodeException: Server returned status code '400' which did not match ok_status '2..'
2023-09-18 16:42:36,189 [write:083] WARN : error with cycle 287 errmsg: io.nosqlbench.adapter.http.errors.InvalidStatusCodeException: Server returned status code '400' which did not match ok_status '2..'
2023-09-18 16:42:36,189 [write:012] WARN : error with cycle 328 errmsg: io.nosqlbench.adapter.http.errors.InvalidStatusCodeException: Server returned status code '400' which did not match ok_status '2..'
2023-09-18 16:42:36,193 [write:078] WARN : error with cycle 341 errmsg: io.nosqlbench.adapter.http.errors.InvalidStatusCodeException: Server returned status code '400' which did not match ok_status '2..'
2023-09-18 16:42:36,193 [write:092] WARN : error with cycle 348 errmsg: io.nosqlbench.adapter.http.errors.InvalidStatusCodeException: Server returned status code '400' which did not match ok_status '2..'
2023-09-18 16:42:36,193 [write:093] WARN : error with cycle 322 errmsg: io.nosqlbench.adapter.http.errors.InvalidStatusCodeException: Server returned status code '400' which did not match ok_status '2..'
2023-09-18 16:42:36,193 [write:079] WARN : error with cycle 293 errmsg: io.nosqlbench.adapter.http.errors.InvalidStatusCodeException: Server returned status code '400' which did not match ok_status '2..'
2023-09-18 16:42:36,668 [write:059] WARN : error with cycle 338 errmsg: io.nosqlbench.adapter.http.errors.InvalidStatusCodeException: Server returned status code '400' which did not match ok_status '2..'
2023-09-18 16:42:36,668 [write:056] WARN : error with cycle 387 errmsg: io.nosqlbench.adapter.http.errors.InvalidStatusCodeException: Server returned status code '400' which did not match ok_status '2..'
2023-09-18 16:42:36,668 [write:022] WARN : error with cycle 327 errmsg: io.nosqlbench.adapter.http.errors.InvalidStatusCodeException: Server returned status code '400' which did not match ok_status '2..'
2023-09-18 16:42:36,668 [write:080] WARN : error with cycle 333 errmsg: io.nosqlbench.adapter.http.errors.InvalidStatusCodeException: Server returned status code '400' which did not match ok_status '2..'
2023-09-18 16:42:36,668 [write:053] WARN : error with cycle 365 errmsg: io.nosqlbench.adapter.http.errors.InvalidStatusCodeException: Server returned status code '400' which did not match ok_status '2..'
2023-09-18 16:42:36,668 [write:037] WARN : error with cycle 302 errmsg: io.nosqlbench.adapter.http.errors.InvalidStatusCodeException: Server returned status code '400' which did not match ok_status '2..'
2023-09-18 16:42:36,669 [write:006] WARN : error with cycle 350 errmsg: io.nosqlbench.adapter.http.errors.InvalidStatusCodeException: Server returned status code '400' which did not match ok_status '2..'
2023-09-18 16:42:36,669 [write:054] WARN : error with cycle 352 errmsg: io.nosqlbench.adapter.http.errors.InvalidStatusCodeException: Server returned status code '400' which did not match ok_status '2..'
2023-09-18 16:42:36,669 [write:085] WARN : error with cycle 307 errmsg: io.nosqlbench.adapter.http.errors.InvalidStatusCodeException: Server returned status code '400' which did not match ok_status '2..'
2023-09-18 16:42:36,669 [write:025] WARN : error with cycle 355 errmsg: io.nosqlbench.adapter.http.errors.InvalidStatusCodeException: Server returned status code '400' which did not match ok_status '2..'
2023-09-18 16:42:36,669 [write:068] WARN : error with cycle 407 errmsg: io.nosqlbench.adapter.http.errors.InvalidStatusCodeException: Server returned status code '400' which did not match ok_status '2..'
2023-09-18 16:42:36,681 [write:096] WARN : error with cycle 332 errmsg: io.nosqlbench.adapter.http.errors.InvalidStatusCodeException: Server returned status code '400' which did not match ok_status '2..'
2023-09-18 16:42:36,735 [write:033] WARN : error with cycle 296 errmsg: io.nosqlbench.adapter.http.errors.InvalidStatusCodeException: Server returned status code '400' which did not match ok_status '2..'
2023-09-18 16:42:36,735 [write:060] WARN : error with cycle 360 errmsg: io.nosqlbench.adapter.http.errors.InvalidStatusCodeException: Server returned status code '400' which did not match ok_status '2..'
2023-09-18 16:42:36,735 [write:017] WARN : error with cycle 319 errmsg: io.nosqlbench.adapter.http.errors.InvalidStatusCodeException: Server returned status code '400' which did not match ok_status '2..'
2023-09-18 16:42:36,735 [write:001] WARN : error with cycle 299 errmsg: io.nosqlbench.adapter.http.errors.InvalidStatusCodeException: Server returned status code '400' which did not match ok_status '2..'
2023-09-18 16:42:36,741 [write:028] WARN : error with cycle 369 errmsg: io.nosqlbench.adapter.http.errors.InvalidStatusCodeException: Server returned status code '400' which did not match ok_status '2..'
2023-09-18 16:42:36,741 [write:077] WARN : error with cycle 397 errmsg: io.nosqlbench.adapter.http.errors.InvalidStatusCodeException: Server returned status code '400' which did not match ok_status '2..'
2023-09-18 16:42:36,749 [write:094] WARN : error with cycle 343 errmsg: io.nosqlbench.adapter.http.errors.InvalidStatusCodeException: Server returned status code '400' which did not match ok_status '2..'
2023-09-18 16:42:36,749 [write:089] WARN : error with cycle 344 errmsg: io.nosqlbench.adapter.http.errors.InvalidStatusCodeException: Server returned status code '400' which did not match ok_status '2..'
2023-09-18 16:42:36,749 [write:026] WARN : error with cycle 294 errmsg: io.nosqlbench.adapter.http.errors.InvalidStatusCodeException: Server returned status code '400' which did not match ok_status '2..'
2023-09-18 16:42:36,749 [write:082] WARN : error with cycle 364 errmsg: io.nosqlbench.adapter.http.errors.InvalidStatusCodeException: Server returned status code '400' which did not match ok_status '2..'
2023-09-18 16:42:36,749 [write:039] WARN : error with cycle 377 errmsg: io.nosqlbench.adapter.http.errors.InvalidStatusCodeException: Server returned status code '400' which did not match ok_status '2..'
2023-09-18 16:42:36,749 [write:038] WARN : error with cycle 356 errmsg: io.nosqlbench.adapter.http.errors.InvalidStatusCodeException: Server returned status code '400' which did not match ok_status '2..'
2023-09-18 16:42:36,749 [write:048] WARN : error with cycle 309 errmsg: io.nosqlbench.adapter.http.errors.InvalidStatusCodeException: Server returned status code '400' which did not match ok_status '2..'
2023-09-18 16:42:36,749 [write:076] WARN : error with cycle 336 errmsg: io.nosqlbench.adapter.http.errors.InvalidStatusCodeException: Server returned status code '400' which did not match ok_status '2..'
2023-09-18 16:42:36,755 [write:030] WARN : error with cycle 381 errmsg: io.nosqlbench.adapter.http.errors.InvalidStatusCodeException: Server returned status code '400' which did not match ok_status '2..'
2023-09-18 16:42:36,755 [write:046] WARN : error with cycle 362 errmsg: io.nosqlbench.adapter.http.errors.InvalidStatusCodeException: Server returned status code '400' which did not match ok_status '2..'
2023-09-18 16:42:36,756 [write:050] WARN : error with cycle 386 errmsg: io.nosqlbench.adapter.http.errors.InvalidStatusCodeException: Server returned status code '400' which did not match ok_status '2..'
2023-09-18 16:42:36,756 [write:011] WARN : error with cycle 378 errmsg: io.nosqlbench.adapter.http.errors.InvalidStatusCodeException: Server returned status code '400' which did not match ok_status '2..'
2023-09-18 16:42:36,756 [write:055] WARN : error with cycle 330 errmsg: io.nosqlbench.adapter.http.errors.InvalidStatusCodeException: Server returned status code '400' which did not match ok_status '2..'
2023-09-18 16:42:36,756 [write:062] WARN : error with cycle 373 errmsg: io.nosqlbench.adapter.http.errors.InvalidStatusCodeException: Server returned status code '400' which did not match ok_status '2..'
2023-09-18 16:42:36,756 [write:021] WARN : error with cycle 337 errmsg: io.nosqlbench.adapter.http.errors.InvalidStatusCodeException: Server returned status code '400' which did not match ok_status '2..'
2023-09-18 16:42:36,762 [write:063] WARN : error with cycle 346 errmsg: io.nosqlbench.adapter.http.errors.InvalidStatusCodeException: Server returned status code '400' which did not match ok_status '2..'
2023-09-18 16:42:36,762 [write:034] WARN : error with cycle 370 errmsg: io.nosqlbench.adapter.http.errors.InvalidStatusCodeException: Server returned status code '400' which did not match ok_status '2..'
2023-09-18 16:42:36,762 [write:098] WARN : error with cycle 295 errmsg: io.nosqlbench.adapter.http.errors.InvalidStatusCodeException: Server returned status code '400' which did not match ok_status '2..'
2023-09-18 16:42:36,762 [write:086] WARN : error with cycle 401 errmsg: io.nosqlbench.adapter.http.errors.InvalidStatusCodeException: Server returned status code '400' which did not match ok_status '2..'
2023-09-18 16:42:36,762 [write:027] WARN : error with cycle 371 errmsg: io.nosqlbench.adapter.http.errors.InvalidStatusCodeException: Server returned status code '400' which did not match ok_status '2..'
2023-09-18 16:42:36,774 [write:005] WARN : error with cycle 395 errmsg: io.nosqlbench.adapter.http.errors.InvalidStatusCodeException: Server returned status code '400' which did not match ok_status '2..'
2023-09-18 16:42:36,794 [write:049] WARN : error with cycle 410 errmsg: io.nosqlbench.adapter.http.errors.InvalidStatusCodeException: Server returned status code '400' which did not match ok_status '2..'
2023-09-18 16:42:36,794 [write:041] WARN : error with cycle 396 errmsg: io.nosqlbench.adapter.http.errors.InvalidStatusCodeException: Server returned status code '400' which did not match ok_status '2..'
2023-09-18 16:42:36,795 [write:018] WARN : error with cycle 384 errmsg: io.nosqlbench.adapter.http.errors.InvalidStatusCodeException: Server returned status code '400' which did not match ok_status '2..'
2023-09-18 16:42:36,795 [write:057] WARN : error with cycle 318 errmsg: io.nosqlbench.adapter.http.errors.InvalidStatusCodeException: Server returned status code '400' which did not match ok_status '2..'
2023-09-18 16:42:36,795 [write:024] WARN : error with cycle 379 errmsg: io.nosqlbench.adapter.http.errors.InvalidStatusCodeException: Server returned status code '400' which did not match ok_status '2..'
2023-09-18 16:42:36,795 [write:035] WARN : error with cycle 398 errmsg: io.nosqlbench.adapter.http.errors.InvalidStatusCodeException: Server returned status code '400' which did not match ok_status '2..'
2023-09-18 16:42:36,795 [write:072] WARN : error with cycle 413 errmsg: io.nosqlbench.adapter.http.errors.InvalidStatusCodeException: Server returned status code '400' which did not match ok_status '2..'
2023-09-18 16:42:36,795 [write:013] WARN : error with cycle 354 errmsg: io.nosqlbench.adapter.http.errors.InvalidStatusCodeException: Server returned status code '400' which did not match ok_status '2..'
2023-09-18 16:42:36,796 [write:032] WARN : error with cycle 326 errmsg: io.nosqlbench.adapter.http.errors.InvalidStatusCodeException: Server returned status code '400' which did not match ok_status '2..'
2023-09-18 16:42:36,808 [write:010] WARN : error with cycle 400 errmsg: io.nosqlbench.adapter.http.errors.InvalidStatusCodeException: Server returned status code '400' which did not match ok_status '2..'
2023-09-18 16:42:36,808 [write:066] WARN : error with cycle 419 errmsg: io.nosqlbench.adapter.http.errors.InvalidStatusCodeException: Server returned status code '400' which did not match ok_status '2..'
2023-09-18 16:42:36,813 [write:004] WARN : error with cycle 402 errmsg: io.nosqlbench.adapter.http.errors.InvalidStatusCodeException: Server returned status code '400' which did not match ok_status '2..'
2023-09-18 16:42:36,813 [write:015] WARN : error with cycle 418 errmsg: io.nosqlbench.adapter.http.errors.InvalidStatusCodeException: Server returned status code '400' which did not match ok_status '2..'
2023-09-18 16:42:36,813 [write:009] WARN : error with cycle 385 errmsg: io.nosqlbench.adapter.http.errors.InvalidStatusCodeException: Server returned status code '400' which did not match ok_status '2..'
2023-09-18 16:42:36,813 [write:045] WARN : error with cycle 382 errmsg: io.nosqlbench.adapter.http.errors.InvalidStatusCodeException: Server returned status code '400' which did not match ok_status '2..'
2023-09-18 16:42:36,813 [write:099] WARN : error with cycle 358 errmsg: io.nosqlbench.adapter.http.errors.InvalidStatusCodeException: Server returned status code '400' which did not match ok_status '2..'
2023-09-18 16:42:36,813 [write:097] WARN : error with cycle 375 errmsg: io.nosqlbench.adapter.http.errors.InvalidStatusCodeException: Server returned status code '400' which did not match ok_status '2..'
2023-09-18 16:42:36,813 [write:100] WARN : error with cycle 359 errmsg: io.nosqlbench.adapter.http.errors.InvalidStatusCodeException: Server returned status code '400' which did not match ok_status '2..'
2023-09-18 16:42:36,813 [write:044] WARN : error with cycle 347 errmsg: io.nosqlbench.adapter.http.errors.InvalidStatusCodeException: Server returned status code '400' which did not match ok_status '2..'
2023-09-18 16:42:36,814 [write:036] WARN : error with cycle 412 errmsg: io.nosqlbench.adapter.http.errors.InvalidStatusCodeException: Server returned status code '400' which did not match ok_status '2..'
2023-09-18 16:42:36,828 [write:040] WARN : error with cycle 409 errmsg: io.nosqlbench.adapter.http.errors.InvalidStatusCodeException: Server returned status code '400' which did not match ok_status '2..'
2023-09-18 16:42:36,828 [write:051] WARN : error with cycle 391 errmsg: io.nosqlbench.adapter.http.errors.InvalidStatusCodeException: Server returned status code '400' which did not match ok_status '2..'
2023-09-18 16:42:36,828 [write:023] WARN : error with cycle 422 errmsg: io.nosqlbench.adapter.http.errors.InvalidStatusCodeException: Server returned status code '400' which did not match ok_status '2..'
2023-09-18 16:42:36,828 [write:075] WARN : error with cycle 357 errmsg: io.nosqlbench.adapter.http.errors.InvalidStatusCodeException: Server returned status code '400' which did not match ok_status '2..'
2023-09-18 16:42:36,828 [write:043] WARN : error with cycle 303 errmsg: io.nosqlbench.adapter.http.errors.InvalidStatusCodeException: Server returned status code '400' which did not match ok_status '2..'
2023-09-18 16:42:36,828 [write:058] WARN : error with cycle 368 errmsg: io.nosqlbench.adapter.http.errors.InvalidStatusCodeException: Server returned status code '400' which did not match ok_status '2..'
2023-09-18 16:42:36,831 [write:008] WARN : error with cycle 361 errmsg: io.nosqlbench.adapter.http.errors.InvalidStatusCodeException: Server returned status code '400' which did not match ok_status '2..'
2023-09-18 16:42:36,832 [write:016] WARN : error with cycle 353 errmsg: io.nosqlbench.adapter.http.errors.InvalidStatusCodeException: Server returned status code '400' which did not match ok_status '2..'
2023-09-18 16:42:36,832 [write:083] WARN : error with cycle 423 errmsg: io.nosqlbench.adapter.http.errors.InvalidStatusCodeException: Server returned status code '400' which did not match ok_status '2..'
2023-09-18 16:42:36,832 [write:078] WARN : error with cycle 425 errmsg: io.nosqlbench.adapter.http.errors.InvalidStatusCodeException: Server returned status code '400' which did not match ok_status '2..'
2023-09-18 16:42:36,837 [write:064] WARN : error with cycle 367 errmsg: io.nosqlbench.adapter.http.errors.InvalidStatusCodeException: Server returned status code '400' which did not match ok_status '2..'
2023-09-18 16:42:36,837 [write:074] WARN : error with cycle 363 errmsg: io.nosqlbench.adapter.http.errors.InvalidStatusCodeException: Server returned status code '400' which did not match ok_status '2..'
2023-09-18 16:42:36,837 [write:071] WARN : error with cycle 420 errmsg: io.nosqlbench.adapter.http.errors.InvalidStatusCodeException: Server returned status code '400' which did not match ok_status '2..'
2023-09-18 16:42:36,837 [write:079] WARN : error with cycle 428 errmsg: io.nosqlbench.adapter.http.errors.InvalidStatusCodeException: Server returned status code '400' which did not match ok_status '2..'
2023-09-18 16:42:36,842 [write:061] WARN : error with cycle 376 errmsg: io.nosqlbench.adapter.http.errors.InvalidStatusCodeException: Server returned status code '400' which did not match ok_status '2..'
2023-09-18 16:42:37,186 [Thread-7] WARN : Activity was interrupted by process exit, shutting down
2023-09-18 16:42:37,187 [Thread-3] WARN : Scenario was interrupted by process exit, shutting down
2023-09-18 16:42:37,187 [Thread-7] INFO : {"layer":"Activity","start":1695055348994,"end":1695055357187,"details":{"event":"stop-activity","params":"ActivityDef:(9)/{driver\u003dhttp, threads\u003d100, workload\u003dmongo_vector_crud_dataAPI, alias\u003dwrite, cycles\u003d10000, stride\u003d1, errors\u003dtimer,warn, tags\u003dname:\"write.*\", labels\u003dworkload:$mongo_vector_crud_dataAPI}"}}
2023-09-18 16:42:37,187 [Thread-3] INFO : scenario state: Interrupted
2023-09-18 16:42:37,187 [Thread-3] INFO : {"layer":"Scenario","start":1695055348024,"end":1695055357187,"details":{"event":"stop-scenario"}}
